[2020-05-07 14:31:25,834] - logger.py] - INFO: test_student15:点击"网络演训"
[2020-05-07 14:31:26,373] - logger.py] - INFO: test_student15:点击"模拟演练"
[2020-05-07 14:31:26,411] - logger.py] - INFO: test_student15:点击"执行"
[2020-05-07 14:31:27,184] - logger.py] - INFO: test_student15:固定时间结束
[2020-05-07 15:14:43,308] - logger.py] - INFO: test_student:点击"网络演训"
[2020-05-07 15:14:43,875] - logger.py] - INFO: test_student:点击"模拟演练"
[2020-05-07 15:14:43,928] - logger.py] - INFO: test_student:修改任务
[2020-05-07 15:14:44,652] - logger.py] - INFO: test_student:等一秒
[2020-05-07 15:14:45,652] - logger.py] - INFO: test_student:点击"场景配置"
[2020-05-07 15:14:45,708] - logger.py] - INFO: test_student:点击"接入配置"
[2020-05-07 15:14:46,292] - logger.py] - INFO: test_student:点击"详情配置"
[2020-05-07 15:14:46,881] - logger.py] - INFO: test_student:获取虚机名称前缀及按钮
[2020-05-07 15:16:31,124] - logger.py] - INFO: test_student:点击"网络演训"
[2020-05-07 15:16:31,688] - logger.py] - INFO: test_student:点击"模拟演练"
[2020-05-07 15:16:31,724] - logger.py] - INFO: test_student:修改任务
[2020-05-07 15:16:32,449] - logger.py] - INFO: test_student:等一秒
[2020-05-07 15:16:33,451] - logger.py] - INFO: test_student:点击"场景配置"
[2020-05-07 15:16:33,492] - logger.py] - INFO: test_student:点击"接入配置"
[2020-05-07 15:16:34,048] - logger.py] - INFO: test_student:点击"详情配置"
[2020-05-07 15:16:34,656] - logger.py] - INFO: test_student:获取虚机名称前缀及按钮
[2020-05-07 15:20:08,974] - logger.py] - INFO: test_student:返回分组列表
[2020-05-07 15:20:09,099] - logger.py] - INFO: test_student:保存
[2020-05-07 15:20:09,198] - logger.py] - INFO: test_student:等待6000秒
[2020-05-07 15:25:13,752] - logger.py] - INFO: test_log:点击"网络演训"
[2020-05-07 15:25:15,038] - logger.py] - INFO: test_log:点击"模拟演练"
[2020-05-07 15:25:15,073] - logger.py] - INFO: test_log:点击"执行"
[2020-05-07 15:25:15,755] - logger.py] - INFO: test_log:固定时间结束
[2020-05-07 15:25:16,698] - logger.py] - INFO: test_log2:点击"网络演训"
[2020-05-07 15:25:17,588] - logger.py] - INFO: test_log2:点击"模拟演练"
[2020-05-07 15:25:17,640] - logger.py] - INFO: test_log2:点击"执行"
[2020-05-07 15:25:18,610] - logger.py] - INFO: test_log2:固定时间结束
[2020-05-07 15:25:20,434] - logger.py] - INFO: test_log3:点击"网络演训"
[2020-05-07 15:25:21,006] - logger.py] - INFO: test_log3:点击"模拟演练"
[2020-05-07 15:25:21,059] - logger.py] - INFO: test_log3:点击"执行"
[2020-05-07 15:25:21,979] - logger.py] - INFO: test_log3:固定时间结束
[2020-05-07 15:25:23,608] - logger.py] - INFO: test_log4:点击"网络演训"
[2020-05-07 15:25:24,229] - logger.py] - INFO: test_log4:点击"模拟演练"
[2020-05-07 15:25:24,276] - logger.py] - INFO: test_log4:点击"执行"
[2020-05-07 15:25:25,074] - logger.py] - INFO: test_log4:固定时间结束
[2020-05-07 15:25:25,281] - logger.py] - INFO: test_log5:点击"网络演训"
[2020-05-07 15:25:25,904] - logger.py] - INFO: test_log5:点击"模拟演练"
[2020-05-07 15:25:25,958] - logger.py] - INFO: test_log5:点击"执行"
[2020-05-07 15:25:27,023] - logger.py] - INFO: test_log5:固定时间结束
[2020-05-07 15:25:28,232] - logger.py] - INFO: test_log6:点击"网络演训"
[2020-05-07 15:25:29,036] - logger.py] - INFO: test_log6:点击"模拟演练"
[2020-05-07 15:25:29,675] - logger.py] - INFO: test_log6:点击"执行"
[2020-05-07 15:25:30,488] - logger.py] - INFO: test_log6:固定时间结束
[2020-05-07 15:25:32,698] - logger.py] - INFO: test_log7:点击"网络演训"
[2020-05-07 15:25:33,315] - logger.py] - INFO: test_log7:点击"模拟演练"
[2020-05-07 15:25:33,358] - logger.py] - INFO: test_log7:点击"执行"
[2020-05-07 15:25:34,197] - logger.py] - INFO: test_log7:固定时间结束
[2020-05-07 15:25:35,649] - logger.py] - INFO: test_log8:点击"网络演训"
[2020-05-07 15:25:36,819] - logger.py] - INFO: test_log8:点击"模拟演练"
[2020-05-07 15:25:36,858] - logger.py] - INFO: test_log8:点击"执行"
[2020-05-07 15:25:37,556] - logger.py] - INFO: test_log8:固定时间结束
[2020-05-07 15:25:38,192] - logger.py] - INFO: test_log9:点击"网络演训"
[2020-05-07 15:25:39,402] - logger.py] - INFO: test_log9:点击"模拟演练"
[2020-05-07 15:25:39,456] - logger.py] - INFO: test_log9:点击"执行"
[2020-05-07 15:25:40,149] - logger.py] - INFO: test_log10:点击"网络演训"
[2020-05-07 15:25:40,230] - logger.py] - INFO: test_log9:固定时间结束
[2020-05-07 15:25:41,185] - logger.py] - INFO: test_log10:点击"模拟演练"
[2020-05-07 15:25:41,223] - logger.py] - INFO: test_log10:点击"执行"
[2020-05-07 15:25:41,995] - logger.py] - INFO: test_log10:固定时间结束
[2020-05-07 15:42:11,896] - logger.py] - INFO: test_log:点击"网络演训"
[2020-05-07 15:42:12,951] - logger.py] - INFO: test_log:点击"模拟演练"
[2020-05-07 15:42:12,989] - logger.py] - INFO: test_log:点击"执行"
[2020-05-07 15:42:14,764] - logger.py] - INFO: test_log:固定时间结束
[2020-05-07 15:42:16,997] - logger.py] - INFO: test_log2:点击"网络演训"
[2020-05-07 15:42:17,535] - logger.py] - INFO: test_log2:点击"模拟演练"
[2020-05-07 15:42:17,572] - logger.py] - INFO: test_log2:点击"执行"
[2020-05-07 15:42:18,355] - logger.py] - INFO: test_log2:固定时间结束
[2020-05-07 15:42:22,012] - logger.py] - INFO: test_log3:点击"网络演训"
[2020-05-07 15:42:22,552] - logger.py] - INFO: test_log3:点击"模拟演练"
[2020-05-07 15:42:22,589] - logger.py] - INFO: test_log3:点击"执行"
[2020-05-07 15:42:23,272] - logger.py] - INFO: test_log3:固定时间结束
[2020-05-07 15:42:26,962] - logger.py] - INFO: test_log4:点击"网络演训"
[2020-05-07 15:42:27,534] - logger.py] - INFO: test_log4:点击"模拟演练"
[2020-05-07 15:42:27,589] - logger.py] - INFO: test_log4:点击"执行"
[2020-05-07 15:42:28,344] - logger.py] - INFO: test_log4:固定时间结束
[2020-05-07 15:42:31,995] - logger.py] - INFO: test_log5:点击"网络演训"
[2020-05-07 15:42:32,535] - logger.py] - INFO: test_log5:点击"模拟演练"
[2020-05-07 15:42:32,573] - logger.py] - INFO: test_log5:点击"执行"
[2020-05-07 15:42:33,342] - logger.py] - INFO: test_log5:固定时间结束
[2020-05-07 15:42:36,997] - logger.py] - INFO: test_log6:点击"网络演训"
[2020-05-07 15:42:37,535] - logger.py] - INFO: test_log6:点击"模拟演练"
[2020-05-07 15:42:37,605] - logger.py] - INFO: test_log6:点击"执行"
[2020-05-07 15:42:38,378] - logger.py] - INFO: test_log6:固定时间结束
[2020-05-07 15:42:42,031] - logger.py] - INFO: test_log7:点击"网络演训"
[2020-05-07 15:42:42,568] - logger.py] - INFO: test_log7:点击"模拟演练"
[2020-05-07 15:42:42,605] - logger.py] - INFO: test_log7:点击"执行"
[2020-05-07 15:42:43,374] - logger.py] - INFO: test_log7:固定时间结束
[2020-05-07 15:42:47,032] - logger.py] - INFO: test_log8:点击"网络演训"
[2020-05-07 15:42:47,569] - logger.py] - INFO: test_log8:点击"模拟演练"
[2020-05-07 15:42:47,606] - logger.py] - INFO: test_log8:点击"执行"
[2020-05-07 15:42:48,381] - logger.py] - INFO: test_log8:固定时间结束
[2020-05-07 15:42:52,114] - logger.py] - INFO: test_log9:点击"网络演训"
[2020-05-07 15:42:52,653] - logger.py] - INFO: test_log9:点击"模拟演练"
[2020-05-07 15:42:52,688] - logger.py] - INFO: test_log9:点击"执行"
[2020-05-07 15:42:53,457] - logger.py] - INFO: test_log9:固定时间结束
[2020-05-07 15:42:56,062] - logger.py] - INFO: test_log10:点击"网络演训"
[2020-05-07 15:42:56,602] - logger.py] - INFO: test_log10:点击"模拟演练"
[2020-05-07 15:42:56,639] - logger.py] - INFO: test_log10:点击"执行"
[2020-05-07 15:42:57,422] - logger.py] - INFO: test_log10:固定时间结束
[2020-05-07 16:50:23,041] - logger.py] - INFO: test_log:点击"网络演训"
[2020-05-07 16:50:23,582] - logger.py] - INFO: test_log:点击"模拟演练"
[2020-05-07 16:50:23,635] - logger.py] - INFO: test_log:点击"执行"
[2020-05-07 16:50:24,402] - logger.py] - INFO: test_log:固定时间结束
[2020-05-07 16:50:27,942] - logger.py] - INFO: test_log2:点击"网络演训"
[2020-05-07 16:50:28,498] - logger.py] - INFO: test_log2:点击"模拟演练"
[2020-05-07 16:50:28,553] - logger.py] - INFO: test_log2:点击"执行"
[2020-05-07 16:50:29,361] - logger.py] - INFO: test_log2:固定时间结束
[2020-05-07 16:50:32,991] - logger.py] - INFO: test_log3:点击"网络演训"
[2020-05-07 16:50:34,030] - logger.py] - INFO: test_log3:点击"模拟演练"
[2020-05-07 16:50:34,084] - logger.py] - INFO: test_log3:点击"执行"
[2020-05-07 16:50:34,849] - logger.py] - INFO: test_log3:固定时间结束
[2020-05-07 16:50:37,948] - logger.py] - INFO: test_log4:点击"网络演训"
[2020-05-07 16:50:38,482] - logger.py] - INFO: test_log4:点击"模拟演练"
[2020-05-07 16:50:38,518] - logger.py] - INFO: test_log4:点击"执行"
[2020-05-07 16:50:39,276] - logger.py] - INFO: test_log4:固定时间结束
[2020-05-07 16:50:43,024] - logger.py] - INFO: test_log5:点击"网络演训"
[2020-05-07 16:50:43,565] - logger.py] - INFO: test_log5:点击"模拟演练"
[2020-05-07 16:50:43,618] - logger.py] - INFO: test_log5:点击"执行"
[2020-05-07 16:50:44,390] - logger.py] - INFO: test_log5:固定时间结束
[2020-05-07 16:50:48,027] - logger.py] - INFO: test_log6:点击"网络演训"
[2020-05-07 16:50:48,590] - logger.py] - INFO: test_log6:点击"模拟演练"
[2020-05-07 16:50:48,686] - logger.py] - INFO: test_log6:点击"执行"
[2020-05-07 16:50:49,457] - logger.py] - INFO: test_log6:固定时间结束
[2020-05-07 16:50:53,076] - logger.py] - INFO: test_log7:点击"网络演训"
[2020-05-07 16:50:53,615] - logger.py] - INFO: test_log7:点击"模拟演练"
[2020-05-07 16:50:53,686] - logger.py] - INFO: test_log7:点击"执行"
[2020-05-07 16:50:54,480] - logger.py] - INFO: test_log7:固定时间结束
[2020-05-07 16:50:58,128] - logger.py] - INFO: test_log8:点击"网络演训"
[2020-05-07 16:50:58,665] - logger.py] - INFO: test_log8:点击"模拟演练"
[2020-05-07 16:50:58,702] - logger.py] - INFO: test_log8:点击"执行"
[2020-05-07 16:50:59,473] - logger.py] - INFO: test_log8:固定时间结束
[2020-05-07 16:51:03,126] - logger.py] - INFO: test_log9:点击"网络演训"
[2020-05-07 16:51:03,700] - logger.py] - INFO: test_log9:点击"模拟演练"
[2020-05-07 16:51:03,790] - logger.py] - INFO: test_log9:点击"执行"
[2020-05-07 16:51:04,556] - logger.py] - INFO: test_log9:固定时间结束
[2020-05-07 16:51:08,209] - logger.py] - INFO: test_log10:点击"网络演训"
[2020-05-07 16:51:08,748] - logger.py] - INFO: test_log10:点击"模拟演练"
[2020-05-07 16:51:08,835] - logger.py] - INFO: test_log10:点击"执行"
[2020-05-07 16:51:09,613] - logger.py] - INFO: test_log10:固定时间结束
[2020-05-07 17:11:51,325] - logger.py] - INFO: test_log:点击"网络演训"
[2020-05-07 17:11:51,864] - logger.py] - INFO: test_log:点击"模拟演练"
[2020-05-07 17:11:51,917] - logger.py] - INFO: test_log:点击"执行"
[2020-05-07 17:11:52,672] - logger.py] - INFO: test_log:固定时间结束
[2020-05-07 17:11:56,340] - logger.py] - INFO: test_log2:点击"网络演训"
[2020-05-07 17:11:56,881] - logger.py] - INFO: test_log2:点击"模拟演练"
[2020-05-07 17:11:56,934] - logger.py] - INFO: test_log2:点击"执行"
[2020-05-07 17:11:57,702] - logger.py] - INFO: test_log2:固定时间结束
[2020-05-07 17:12:01,379] - logger.py] - INFO: test_log3:点击"网络演训"
[2020-05-07 17:12:01,913] - logger.py] - INFO: test_log3:点击"模拟演练"
[2020-05-07 17:12:01,950] - logger.py] - INFO: test_log3:点击"执行"
[2020-05-07 17:12:02,721] - logger.py] - INFO: test_log3:固定时间结束
[2020-05-07 17:12:05,446] - logger.py] - INFO: test_log4:点击"网络演训"
[2020-05-07 17:12:06,182] - logger.py] - INFO: test_log4:点击"模拟演练"
[2020-05-07 17:12:06,270] - logger.py] - INFO: test_log4:点击"执行"
[2020-05-07 17:12:07,037] - logger.py] - INFO: test_log4:固定时间结束
[2020-05-07 17:12:11,590] - logger.py] - INFO: test_log5:点击"网络演训"
[2020-05-07 17:12:12,130] - logger.py] - INFO: test_log5:点击"模拟演练"
[2020-05-07 17:12:12,200] - logger.py] - INFO: test_log5:点击"执行"
[2020-05-07 17:12:12,972] - logger.py] - INFO: test_log5:固定时间结束
[2020-05-07 17:12:16,357] - logger.py] - INFO: test_log6:点击"网络演训"
[2020-05-07 17:12:16,898] - logger.py] - INFO: test_log6:点击"模拟演练"
[2020-05-07 17:12:16,934] - logger.py] - INFO: test_log6:点击"执行"
[2020-05-07 17:12:17,603] - logger.py] - INFO: test_log6:固定时间结束
[2020-05-07 17:12:21,457] - logger.py] - INFO: test_log7:点击"网络演训"
[2020-05-07 17:12:22,014] - logger.py] - INFO: test_log7:点击"模拟演练"
[2020-05-07 17:12:22,068] - logger.py] - INFO: test_log7:点击"执行"
[2020-05-07 17:12:22,841] - logger.py] - INFO: test_log7:固定时间结束
[2020-05-07 17:12:26,514] - logger.py] - INFO: test_log8:点击"网络演训"
[2020-05-07 17:12:27,047] - logger.py] - INFO: test_log8:点击"模拟演练"
[2020-05-07 17:12:27,084] - logger.py] - INFO: test_log8:点击"执行"
[2020-05-07 17:12:27,856] - logger.py] - INFO: test_log8:固定时间结束
[2020-05-07 17:12:31,692] - logger.py] - INFO: test_log9:点击"网络演训"
[2020-05-07 17:12:32,247] - logger.py] - INFO: test_log9:点击"模拟演练"
[2020-05-07 17:12:32,301] - logger.py] - INFO: test_log9:点击"执行"
[2020-05-07 17:12:33,070] - logger.py] - INFO: test_log9:固定时间结束
[2020-05-07 17:12:35,441] - logger.py] - INFO: test_log10:点击"网络演训"
[2020-05-07 17:12:35,980] - logger.py] - INFO: test_log10:点击"模拟演练"
[2020-05-07 17:12:36,017] - logger.py] - INFO: test_log10:点击"执行"
[2020-05-07 17:12:36,803] - logger.py] - INFO: test_log10:固定时间结束
