[2020-04-29 14:27:28,608] - logger.py] - INFO: test_student:点击"网络演训"
[2020-04-29 14:27:29,658] - logger.py] - INFO: test_student:点击"模拟演练"
[2020-04-29 14:27:29,713] - logger.py] - INFO: test_student:修改任务
[2020-04-29 14:27:30,372] - logger.py] - INFO: test_student:等一秒
[2020-04-29 14:27:31,374] - logger.py] - INFO: test_student:点击"场景配置"
[2020-04-29 14:27:31,413] - logger.py] - INFO: test_student:点击"接入配置"
[2020-04-29 14:27:31,962] - logger.py] - INFO: test_student:点击"详情配置"
[2020-04-29 14:27:32,580] - logger.py] - INFO: test_student:获取虚机名称前缀及按钮
[2020-04-29 14:30:28,508] - logger.py] - INFO: test_student:点击"网络演训"
[2020-04-29 14:30:29,093] - logger.py] - INFO: test_student:点击"模拟演练"
[2020-04-29 14:30:29,145] - logger.py] - INFO: test_student:修改任务
[2020-04-29 14:30:29,900] - logger.py] - INFO: test_student:等一秒
[2020-04-29 14:30:30,901] - logger.py] - INFO: test_student:点击"场景配置"
[2020-04-29 14:30:30,948] - logger.py] - INFO: test_student:点击"接入配置"
[2020-04-29 14:30:31,578] - logger.py] - INFO: test_student:点击"详情配置"
[2020-04-29 14:30:32,213] - logger.py] - INFO: test_student:获取虚机名称前缀及按钮
[2020-04-29 14:43:27,576] - logger.py] - INFO: test_student:返回分组列表
[2020-04-29 14:43:27,713] - logger.py] - INFO: test_student:保存
[2020-04-29 14:43:27,849] - logger.py] - INFO: test_student:等待6000秒
[2020-04-29 15:43:33,548] - logger.py] - INFO: test_student3:点击"网络演训"
[2020-04-29 15:43:34,119] - logger.py] - INFO: test_student3:点击"模拟演练"
[2020-04-29 15:43:34,155] - logger.py] - INFO: test_student3:点击"执行"
[2020-04-29 15:43:34,836] - logger.py] - ERROR: test_student3:【点击"执行"】Traceback (most recent call last):
  File "E:\project\Start_in_batches\common\script_value.py", line 99, in is_element_exist_click_plus_script
    self.click(wait_click_locator)
  File "E:\project\Start_in_batches\common\base.py", line 44, in click
    self.find(locator).click()
  File "E:\python\lib\site-packages\selenium\webdriver\remote\webelement.py", line 80, in click
    self._execute(Command.CLICK_ELEMENT)
  File "E:\python\lib\site-packages\selenium\webdriver\remote\webelement.py", line 633, in _execute
    return self._parent.execute(command, params)
  File "E:\python\lib\site-packages\selenium\webdriver\remote\webdriver.py", line 321, in execute
    self.error_handler.check_response(response)
  File "E:\python\lib\site-packages\selenium\webdriver\remote\errorhandler.py", line 242, in check_response
    raise exception_class(message, screen, stacktrace)
selenium.common.exceptions.ElementNotVisibleException: Message: element not interactable
  (Session info: chrome=81.0.4044.122)
  (Driver info: chromedriver=71.0.3578.80 (2ac50e7249fbd55e6f517a28131605c9fb9fe897),platform=Windows NT 10.0.17763 x86_64)


[2020-04-29 15:43:39,951] - logger.py] - ERROR: test_student3:【点击"执行"】Traceback (most recent call last):
  File "E:\project\Start_in_batches\common\script_value.py", line 94, in is_element_exist_click_plus_script
    self.text_result = self.find(search_locator)
  File "E:\project\Start_in_batches\common\base.py", line 20, in find
    element = WebDriverWait(self.driver, int(time_out), 0.5).until(lambda x: x.find_element(*locator))
  File "E:\python\lib\site-packages\selenium\webdriver\support\wait.py", line 80, in until
    raise TimeoutException(message, screen, stacktrace)
selenium.common.exceptions.TimeoutException: Message: 


[2020-04-29 15:49:48,797] - logger.py] - INFO: test_student3:点击"网络演训"
[2020-04-29 15:49:49,335] - logger.py] - INFO: test_student3:点击"模拟演练"
[2020-04-29 15:49:49,372] - logger.py] - INFO: test_student3:点击"执行"
[2020-04-29 15:49:50,060] - logger.py] - INFO: test_student3:点击开机按钮 
[2020-04-29 15:49:51,654] - logger.py] - INFO: test_student3:等至固定时间进行下一步
[2020-04-29 15:49:51,684] - logger.py] - INFO: test_student3:
[2020-04-29 15:49:51,688] - logger.py] - ERROR: test_student3:【】Traceback (most recent call last):
  File "E:\project\Start_in_batches\common\Script.py", line 70, in script_case
    self.driver = script_type[value['execution_type']](loca,value,self.username)#调用操作函数
KeyError: ''

[2020-04-29 15:49:51,688] - logger.py] - INFO: test_student3:点击确定按钮
[2020-04-29 15:49:51,740] - logger.py] - INFO: test_student3:等待一分钟
[2020-04-29 15:52:07,668] - logger.py] - INFO: test_student3:点击"网络演训"
[2020-04-29 15:52:08,222] - logger.py] - INFO: test_student3:点击"模拟演练"
[2020-04-29 15:52:08,270] - logger.py] - INFO: test_student3:点击"执行"
[2020-04-29 15:52:09,070] - logger.py] - INFO: test_student3:
[2020-04-29 15:53:31,483] - logger.py] - INFO: test_student3:点击"网络演训"
[2020-04-29 15:53:32,018] - logger.py] - INFO: test_student3:点击"模拟演练"
[2020-04-29 15:53:32,054] - logger.py] - INFO: test_student3:点击"执行"
[2020-04-29 15:53:32,862] - logger.py] - INFO: test_student3:
[2020-04-29 15:53:36,668] - logger.py] - INFO: test_student4:点击"网络演训"
[2020-04-29 15:53:37,234] - logger.py] - INFO: test_student4:点击"模拟演练"
[2020-04-29 15:53:37,273] - logger.py] - INFO: test_student4:点击"执行"
[2020-04-29 15:53:38,086] - logger.py] - INFO: test_student4:
[2020-04-29 15:53:41,567] - logger.py] - INFO: test_student5:点击"网络演训"
[2020-04-29 15:53:42,101] - logger.py] - INFO: test_student5:点击"模拟演练"
[2020-04-29 15:53:42,138] - logger.py] - INFO: test_student5:点击"执行"
[2020-04-29 15:53:42,838] - logger.py] - INFO: test_student5:
[2020-04-29 15:53:46,865] - logger.py] - INFO: test_student6:点击"网络演训"
[2020-04-29 15:53:48,016] - logger.py] - INFO: test_student6:点击"模拟演练"
[2020-04-29 15:53:48,054] - logger.py] - INFO: test_student6:点击"执行"
[2020-04-29 15:53:48,845] - logger.py] - INFO: test_student6:
[2020-04-29 15:53:53,014] - logger.py] - INFO: test_student7:点击"网络演训"
[2020-04-29 15:53:54,135] - logger.py] - INFO: test_student7:点击"模拟演练"
[2020-04-29 15:53:54,192] - logger.py] - INFO: test_student7:点击"执行"
[2020-04-29 15:53:55,055] - logger.py] - INFO: test_student7:
[2020-04-29 15:53:55,784] - logger.py] - INFO: test_student8:点击"网络演训"
[2020-04-29 15:53:56,866] - logger.py] - INFO: test_student8:点击"模拟演练"
[2020-04-29 15:53:56,903] - logger.py] - INFO: test_student8:点击"执行"
[2020-04-29 15:53:57,591] - logger.py] - INFO: test_student8:
[2020-04-29 15:54:02,032] - logger.py] - INFO: test_student9:点击"网络演训"
[2020-04-29 15:54:02,568] - logger.py] - INFO: test_student9:点击"模拟演练"
[2020-04-29 15:54:02,620] - logger.py] - INFO: test_student9:点击"执行"
[2020-04-29 15:54:03,317] - logger.py] - INFO: test_student9:
[2020-04-29 15:54:06,801] - logger.py] - INFO: test_student10:点击"网络演训"
[2020-04-29 15:54:07,400] - logger.py] - INFO: test_student10:点击"模拟演练"
[2020-04-29 15:54:07,437] - logger.py] - INFO: test_student10:点击"执行"
[2020-04-29 15:54:08,259] - logger.py] - INFO: test_student10:
[2020-04-29 15:54:12,147] - logger.py] - INFO: test_student11:点击"网络演训"
[2020-04-29 15:54:12,686] - logger.py] - INFO: test_student11:点击"模拟演练"
[2020-04-29 15:54:12,738] - logger.py] - INFO: test_student11:点击"执行"
[2020-04-29 15:54:13,546] - logger.py] - INFO: test_student11:
[2020-04-29 15:54:17,800] - logger.py] - INFO: test_student12:点击"网络演训"
[2020-04-29 15:54:18,341] - logger.py] - INFO: test_student12:点击"模拟演练"
[2020-04-29 15:54:18,420] - logger.py] - INFO: test_student12:点击"执行"
[2020-04-29 15:54:19,226] - logger.py] - INFO: test_student12:
[2020-04-29 15:54:22,184] - logger.py] - INFO: test_student13:点击"网络演训"
[2020-04-29 15:54:23,233] - logger.py] - INFO: test_student13:点击"模拟演练"
[2020-04-29 15:54:23,270] - logger.py] - INFO: test_student13:点击"执行"
[2020-04-29 15:54:24,061] - logger.py] - INFO: test_student13:
[2020-04-29 15:54:25,784] - logger.py] - INFO: test_student14:点击"网络演训"
[2020-04-29 15:54:26,418] - logger.py] - INFO: test_student14:点击"模拟演练"
[2020-04-29 15:54:26,509] - logger.py] - INFO: test_student14:点击"执行"
[2020-04-29 15:54:27,321] - logger.py] - INFO: test_student14:
[2020-04-29 15:54:32,496] - logger.py] - INFO: test_student15:点击"网络演训"
[2020-04-29 15:54:33,034] - logger.py] - INFO: test_student15:点击"模拟演练"
[2020-04-29 15:54:33,071] - logger.py] - INFO: test_student15:点击"执行"
[2020-04-29 15:54:33,906] - logger.py] - INFO: test_student15:
[2020-04-29 15:54:37,613] - logger.py] - INFO: test_student16:点击"网络演训"
[2020-04-29 15:54:38,151] - logger.py] - INFO: test_student16:点击"模拟演练"
[2020-04-29 15:54:38,187] - logger.py] - INFO: test_student16:点击"执行"
[2020-04-29 15:54:39,006] - logger.py] - INFO: test_student16:
[2020-04-29 15:54:42,547] - logger.py] - INFO: test_student17:点击"网络演训"
[2020-04-29 15:54:43,102] - logger.py] - INFO: test_student17:点击"模拟演练"
[2020-04-29 15:54:43,158] - logger.py] - INFO: test_student17:点击"执行"
[2020-04-29 15:54:43,976] - logger.py] - INFO: test_student17:
[2020-04-29 15:54:47,138] - logger.py] - INFO: test_student18:点击"网络演训"
[2020-04-29 15:54:47,720] - logger.py] - INFO: test_student18:点击"模拟演练"
[2020-04-29 15:54:48,075] - logger.py] - INFO: test_student18:点击"执行"
[2020-04-29 15:54:48,801] - logger.py] - INFO: test_student18:
[2020-04-29 15:54:52,228] - logger.py] - INFO: test_student19:点击"网络演训"
[2020-04-29 15:54:52,834] - logger.py] - INFO: test_student19:点击"模拟演练"
[2020-04-29 15:54:52,887] - logger.py] - INFO: test_student19:点击"执行"
[2020-04-29 15:54:54,137] - logger.py] - INFO: test_student19:
[2020-04-29 15:54:56,326] - logger.py] - INFO: test_student20:点击"网络演训"
[2020-04-29 15:54:57,069] - logger.py] - INFO: test_student20:点击"模拟演练"
[2020-04-29 15:54:57,178] - logger.py] - INFO: test_student20:点击"执行"
[2020-04-29 15:54:58,068] - logger.py] - INFO: test_student20:
[2020-04-29 15:55:01,754] - logger.py] - INFO: test_student21:点击"网络演训"
[2020-04-29 15:55:02,424] - logger.py] - INFO: test_student21:点击"模拟演练"
[2020-04-29 15:55:02,523] - logger.py] - INFO: test_student21:点击"执行"
[2020-04-29 15:55:03,374] - logger.py] - INFO: test_student21:
[2020-04-29 15:55:07,389] - logger.py] - INFO: test_student22:点击"网络演训"
[2020-04-29 15:55:07,934] - logger.py] - INFO: test_student22:点击"模拟演练"
[2020-04-29 15:55:07,970] - logger.py] - INFO: test_student22:点击"执行"
[2020-04-29 15:55:08,658] - logger.py] - INFO: test_student22:
[2020-04-29 16:09:02,696] - logger.py] - INFO: test_student3:点击"网络演训"
[2020-04-29 16:09:03,415] - logger.py] - INFO: test_student3:点击"模拟演练"
[2020-04-29 16:09:03,452] - logger.py] - INFO: test_student3:点击"执行"
[2020-04-29 16:09:04,244] - logger.py] - INFO: test_student3:
[2020-04-29 16:09:08,782] - logger.py] - INFO: test_student4:点击"网络演训"
[2020-04-29 16:09:09,316] - logger.py] - INFO: test_student4:点击"模拟演练"
[2020-04-29 16:09:09,370] - logger.py] - INFO: test_student4:点击"执行"
[2020-04-29 16:09:10,140] - logger.py] - INFO: test_student4:
[2020-04-29 16:09:12,664] - logger.py] - INFO: test_student5:点击"网络演训"
[2020-04-29 16:09:13,365] - logger.py] - INFO: test_student5:点击"模拟演练"
[2020-04-29 16:09:13,504] - logger.py] - INFO: test_student5:点击"执行"
[2020-04-29 16:09:14,207] - logger.py] - INFO: test_student5:
[2020-04-29 16:09:18,964] - logger.py] - INFO: test_student6:点击"网络演训"
[2020-04-29 16:09:19,499] - logger.py] - INFO: test_student6:点击"模拟演练"
[2020-04-29 16:09:19,536] - logger.py] - INFO: test_student6:点击"执行"
[2020-04-29 16:09:20,349] - logger.py] - INFO: test_student6:
[2020-04-29 16:09:23,744] - logger.py] - INFO: test_student7:点击"网络演训"
[2020-04-29 16:09:24,306] - logger.py] - INFO: test_student7:点击"模拟演练"
[2020-04-29 16:09:24,353] - logger.py] - INFO: test_student7:点击"执行"
[2020-04-29 16:09:25,144] - logger.py] - INFO: test_student7:
[2020-04-29 16:09:29,024] - logger.py] - INFO: test_student8:点击"网络演训"
[2020-04-29 16:09:29,566] - logger.py] - INFO: test_student8:点击"模拟演练"
[2020-04-29 16:09:29,602] - logger.py] - INFO: test_student8:点击"执行"
[2020-04-29 16:09:30,388] - logger.py] - INFO: test_student8:
[2020-04-29 16:09:34,464] - logger.py] - INFO: test_student9:点击"网络演训"
[2020-04-29 16:09:34,998] - logger.py] - INFO: test_student9:点击"模拟演练"
[2020-04-29 16:09:35,035] - logger.py] - INFO: test_student9:点击"执行"
[2020-04-29 16:09:35,776] - logger.py] - INFO: test_student9:
[2020-04-29 16:09:39,385] - logger.py] - INFO: test_student10:点击"网络演训"
[2020-04-29 16:09:39,916] - logger.py] - INFO: test_student10:点击"模拟演练"
[2020-04-29 16:09:39,953] - logger.py] - INFO: test_student10:点击"执行"
[2020-04-29 16:09:40,756] - logger.py] - INFO: test_student10:
[2020-04-29 16:09:44,596] - logger.py] - INFO: test_student11:点击"网络演训"
[2020-04-29 16:09:45,166] - logger.py] - INFO: test_student11:点击"模拟演练"
[2020-04-29 16:09:45,203] - logger.py] - INFO: test_student11:点击"执行"
[2020-04-29 16:09:45,924] - logger.py] - INFO: test_student11:
[2020-04-29 16:09:49,046] - logger.py] - INFO: test_student12:点击"网络演训"
[2020-04-29 16:09:49,581] - logger.py] - INFO: test_student12:点击"模拟演练"
[2020-04-29 16:09:49,619] - logger.py] - INFO: test_student12:点击"执行"
[2020-04-29 16:09:50,424] - logger.py] - INFO: test_student12:
[2020-04-29 16:18:31,814] - logger.py] - INFO: test_student13:点击"网络演训"
[2020-04-29 16:18:32,366] - logger.py] - INFO: test_student13:点击"模拟演练"
[2020-04-29 16:18:32,402] - logger.py] - INFO: test_student13:点击"执行"
[2020-04-29 16:18:33,207] - logger.py] - INFO: test_student13:
[2020-04-29 16:18:36,831] - logger.py] - INFO: test_student14:点击"网络演训"
[2020-04-29 16:18:37,400] - logger.py] - INFO: test_student14:点击"模拟演练"
[2020-04-29 16:18:37,435] - logger.py] - INFO: test_student14:点击"执行"
[2020-04-29 16:18:38,232] - logger.py] - INFO: test_student14:
[2020-04-29 16:18:40,830] - logger.py] - INFO: test_student15:点击"网络演训"
[2020-04-29 16:18:41,365] - logger.py] - INFO: test_student15:点击"模拟演练"
[2020-04-29 16:18:41,402] - logger.py] - INFO: test_student15:点击"执行"
[2020-04-29 16:18:42,237] - logger.py] - INFO: test_student15:
[2020-04-29 16:18:47,446] - logger.py] - INFO: test_student16:点击"网络演训"
[2020-04-29 16:18:48,037] - logger.py] - INFO: test_student16:点击"模拟演练"
[2020-04-29 16:18:48,102] - logger.py] - INFO: test_student16:点击"执行"
[2020-04-29 16:18:48,925] - logger.py] - INFO: test_student16:
[2020-04-29 16:18:52,331] - logger.py] - INFO: test_student17:点击"网络演训"
[2020-04-29 16:18:52,866] - logger.py] - INFO: test_student17:点击"模拟演练"
[2020-04-29 16:18:52,902] - logger.py] - INFO: test_student17:点击"执行"
[2020-04-29 16:18:53,732] - logger.py] - INFO: test_student17:
[2020-04-29 16:18:57,303] - logger.py] - INFO: test_student18:点击"网络演训"
[2020-04-29 16:18:57,866] - logger.py] - INFO: test_student18:点击"模拟演练"
[2020-04-29 16:18:57,919] - logger.py] - INFO: test_student18:点击"执行"
[2020-04-29 16:18:58,836] - logger.py] - INFO: test_student18:
[2020-04-29 16:19:02,261] - logger.py] - INFO: test_student19:点击"网络演训"
[2020-04-29 16:19:02,798] - logger.py] - INFO: test_student19:点击"模拟演练"
[2020-04-29 16:19:02,834] - logger.py] - INFO: test_student19:点击"执行"
[2020-04-29 16:19:03,631] - logger.py] - INFO: test_student19:
[2020-04-29 16:19:07,415] - logger.py] - INFO: test_student20:点击"网络演训"
[2020-04-29 16:19:07,948] - logger.py] - INFO: test_student20:点击"模拟演练"
[2020-04-29 16:19:07,985] - logger.py] - INFO: test_student20:点击"执行"
[2020-04-29 16:19:08,820] - logger.py] - INFO: test_student20:
[2020-04-29 16:19:12,477] - logger.py] - INFO: test_student21:点击"网络演训"
[2020-04-29 16:19:13,031] - logger.py] - INFO: test_student21:点击"模拟演练"
[2020-04-29 16:19:13,085] - logger.py] - INFO: test_student21:点击"执行"
[2020-04-29 16:19:13,890] - logger.py] - INFO: test_student21:
[2020-04-29 16:19:17,666] - logger.py] - INFO: test_student22:点击"网络演训"
[2020-04-29 16:19:18,220] - logger.py] - INFO: test_student22:点击"模拟演练"
[2020-04-29 16:19:18,269] - logger.py] - INFO: test_student22:点击"执行"
[2020-04-29 16:19:19,062] - logger.py] - INFO: test_student22:
[2020-04-29 16:28:06,441] - logger.py] - INFO: test_student3:点击"网络演训"
[2020-04-29 16:28:06,981] - logger.py] - INFO: test_student3:点击"模拟演练"
[2020-04-29 16:28:07,034] - logger.py] - INFO: test_student3:点击"执行"
[2020-04-29 16:28:07,824] - logger.py] - INFO: test_student3:
[2020-04-29 16:28:11,461] - logger.py] - INFO: test_student4:点击"网络演训"
[2020-04-29 16:28:11,997] - logger.py] - INFO: test_student4:点击"模拟演练"
[2020-04-29 16:28:12,051] - logger.py] - INFO: test_student4:点击"执行"
[2020-04-29 16:28:12,848] - logger.py] - INFO: test_student4:
[2020-04-29 16:28:16,576] - logger.py] - INFO: test_student5:点击"网络演训"
[2020-04-29 16:28:17,148] - logger.py] - INFO: test_student5:点击"模拟演练"
[2020-04-29 16:28:17,203] - logger.py] - INFO: test_student5:点击"执行"
[2020-04-29 16:28:18,023] - logger.py] - INFO: test_student5:
[2020-04-29 16:28:20,628] - logger.py] - INFO: test_student6:点击"网络演训"
[2020-04-29 16:28:21,813] - logger.py] - INFO: test_student6:点击"模拟演练"
[2020-04-29 16:28:21,851] - logger.py] - INFO: test_student6:点击"执行"
[2020-04-29 16:28:22,650] - logger.py] - INFO: test_student6:
[2020-04-29 16:28:26,659] - logger.py] - INFO: test_student7:点击"网络演训"
[2020-04-29 16:28:27,198] - logger.py] - INFO: test_student7:点击"模拟演练"
[2020-04-29 16:28:27,233] - logger.py] - INFO: test_student7:点击"执行"
[2020-04-29 16:28:27,935] - logger.py] - INFO: test_student7:
[2020-04-29 16:28:31,511] - logger.py] - INFO: test_student8:点击"网络演训"
[2020-04-29 16:28:32,048] - logger.py] - INFO: test_student8:点击"模拟演练"
[2020-04-29 16:28:32,085] - logger.py] - INFO: test_student8:点击"执行"
[2020-04-29 16:28:32,873] - logger.py] - INFO: test_student8:
[2020-04-29 16:28:36,909] - logger.py] - INFO: test_student9:点击"网络演训"
[2020-04-29 16:28:37,481] - logger.py] - INFO: test_student9:点击"模拟演练"
[2020-04-29 16:28:37,517] - logger.py] - INFO: test_student9:点击"执行"
[2020-04-29 16:28:38,307] - logger.py] - INFO: test_student9:
[2020-04-29 16:28:42,125] - logger.py] - INFO: test_student10:点击"网络演训"
[2020-04-29 16:28:42,664] - logger.py] - INFO: test_student10:点击"模拟演练"
[2020-04-29 16:28:42,700] - logger.py] - INFO: test_student10:点击"执行"
[2020-04-29 16:28:43,538] - logger.py] - INFO: test_student10:
[2020-04-29 16:28:46,924] - logger.py] - INFO: test_student11:点击"网络演训"
[2020-04-29 16:28:47,464] - logger.py] - INFO: test_student11:点击"模拟演练"
[2020-04-29 16:28:47,500] - logger.py] - INFO: test_student11:点击"执行"
[2020-04-29 16:28:48,305] - logger.py] - INFO: test_student11:
[2020-04-29 16:28:52,074] - logger.py] - INFO: test_student12:点击"网络演训"
[2020-04-29 16:28:52,653] - logger.py] - INFO: test_student12:点击"模拟演练"
[2020-04-29 16:28:52,743] - logger.py] - INFO: test_student12:点击"执行"
[2020-04-29 16:28:53,602] - logger.py] - INFO: test_student12:
[2020-04-29 16:28:55,659] - logger.py] - INFO: test_student13:点击"网络演训"
[2020-04-29 16:28:56,741] - logger.py] - INFO: test_student13:点击"模拟演练"
[2020-04-29 16:28:56,837] - logger.py] - INFO: test_student13:点击"执行"
[2020-04-29 16:28:57,655] - logger.py] - INFO: test_student13:
[2020-04-29 16:29:02,108] - logger.py] - INFO: test_student14:点击"网络演训"
[2020-04-29 16:29:02,647] - logger.py] - INFO: test_student14:点击"模拟演练"
[2020-04-29 16:29:02,701] - logger.py] - INFO: test_student14:点击"执行"
[2020-04-29 16:29:03,533] - logger.py] - INFO: test_student14:
[2020-04-29 16:29:07,412] - logger.py] - INFO: test_student15:点击"网络演训"
[2020-04-29 16:29:07,965] - logger.py] - INFO: test_student15:点击"模拟演练"
[2020-04-29 16:29:08,017] - logger.py] - INFO: test_student15:点击"执行"
[2020-04-29 16:29:08,855] - logger.py] - INFO: test_student15:
[2020-04-29 16:29:11,945] - logger.py] - INFO: test_student16:点击"网络演训"
[2020-04-29 16:29:12,767] - logger.py] - INFO: test_student16:点击"模拟演练"
[2020-04-29 16:29:12,904] - logger.py] - INFO: test_student16:点击"执行"
[2020-04-29 16:29:13,684] - logger.py] - INFO: test_student16:
[2020-04-29 16:29:18,951] - logger.py] - INFO: test_student17:点击"网络演训"
[2020-04-29 16:29:19,693] - logger.py] - INFO: test_student17:点击"模拟演练"
[2020-04-29 16:29:19,756] - logger.py] - INFO: test_student17:点击"执行"
[2020-04-29 16:29:20,582] - logger.py] - INFO: test_student17:
[2020-04-29 16:29:22,049] - logger.py] - INFO: test_student18:点击"网络演训"
[2020-04-29 16:29:22,641] - logger.py] - INFO: test_student18:点击"模拟演练"
[2020-04-29 16:29:22,686] - logger.py] - INFO: test_student18:点击"执行"
[2020-04-29 16:29:23,409] - logger.py] - INFO: test_student18:
[2020-04-29 16:29:27,355] - logger.py] - INFO: test_student19:点击"网络演训"
[2020-04-29 16:29:27,950] - logger.py] - INFO: test_student19:点击"模拟演练"
[2020-04-29 16:29:28,052] - logger.py] - INFO: test_student19:点击"执行"
[2020-04-29 16:29:28,894] - logger.py] - INFO: test_student19:
[2020-04-29 16:29:32,310] - logger.py] - INFO: test_student20:点击"网络演训"
[2020-04-29 16:29:32,847] - logger.py] - INFO: test_student20:点击"模拟演练"
[2020-04-29 16:29:32,885] - logger.py] - INFO: test_student20:点击"执行"
[2020-04-29 16:29:33,632] - logger.py] - INFO: test_student20:
[2020-04-29 16:29:38,216] - logger.py] - INFO: test_student21:点击"网络演训"
[2020-04-29 16:29:38,855] - logger.py] - INFO: test_student21:点击"模拟演练"
[2020-04-29 16:29:38,955] - logger.py] - INFO: test_student21:点击"执行"
[2020-04-29 16:29:39,991] - logger.py] - INFO: test_student21:
[2020-04-29 16:29:42,713] - logger.py] - INFO: test_student22:点击"网络演训"
[2020-04-29 16:29:43,282] - logger.py] - INFO: test_student22:点击"模拟演练"
[2020-04-29 16:29:43,336] - logger.py] - INFO: test_student22:点击"执行"
[2020-04-29 16:29:44,033] - logger.py] - INFO: test_student22:
[2020-04-29 16:44:10,396] - logger.py] - INFO: test_student3:点击"网络演训"
[2020-04-29 16:44:10,963] - logger.py] - INFO: test_student3:点击"模拟演练"
[2020-04-29 16:44:10,999] - logger.py] - INFO: test_student3:点击"执行"
[2020-04-29 16:44:11,726] - logger.py] - INFO: test_student3:
[2020-04-29 16:44:15,240] - logger.py] - INFO: test_student4:点击"网络演训"
[2020-04-29 16:44:15,780] - logger.py] - INFO: test_student4:点击"模拟演练"
[2020-04-29 16:44:15,815] - logger.py] - INFO: test_student4:点击"执行"
[2020-04-29 16:44:16,510] - logger.py] - INFO: test_student4:
[2020-04-29 16:44:20,491] - logger.py] - INFO: test_student5:点击"网络演训"
[2020-04-29 16:44:21,065] - logger.py] - INFO: test_student5:点击"模拟演练"
[2020-04-29 16:44:21,116] - logger.py] - INFO: test_student5:点击"执行"
[2020-04-29 16:44:21,918] - logger.py] - INFO: test_student5:
[2020-04-29 16:44:25,074] - logger.py] - INFO: test_student6:点击"网络演训"
[2020-04-29 16:44:25,612] - logger.py] - INFO: test_student6:点击"模拟演练"
[2020-04-29 16:44:25,650] - logger.py] - INFO: test_student6:点击"执行"
[2020-04-29 16:44:26,446] - logger.py] - INFO: test_student6:
[2020-04-29 16:44:30,357] - logger.py] - INFO: test_student7:点击"网络演训"
[2020-04-29 16:44:30,897] - logger.py] - INFO: test_student7:点击"模拟演练"
[2020-04-29 16:44:30,934] - logger.py] - INFO: test_student7:点击"执行"
[2020-04-29 16:44:31,718] - logger.py] - INFO: test_student7:
[2020-04-29 16:44:34,144] - logger.py] - INFO: test_student8:点击"网络演训"
[2020-04-29 16:44:35,014] - logger.py] - INFO: test_student8:点击"模拟演练"
[2020-04-29 16:44:35,067] - logger.py] - INFO: test_student8:点击"执行"
[2020-04-29 16:44:35,853] - logger.py] - INFO: test_student8:
[2020-04-29 16:44:40,661] - logger.py] - INFO: test_student9:点击"网络演训"
[2020-04-29 16:44:41,247] - logger.py] - INFO: test_student9:点击"模拟演练"
[2020-04-29 16:44:41,282] - logger.py] - INFO: test_student9:点击"执行"
[2020-04-29 16:44:42,106] - logger.py] - INFO: test_student9:
[2020-04-29 16:44:45,824] - logger.py] - INFO: test_student10:点击"网络演训"
[2020-04-29 16:44:46,381] - logger.py] - INFO: test_student10:点击"模拟演练"
[2020-04-29 16:44:46,433] - logger.py] - INFO: test_student10:点击"执行"
[2020-04-29 16:44:47,243] - logger.py] - INFO: test_student10:
[2020-04-29 16:44:50,878] - logger.py] - INFO: test_student11:点击"网络演训"
[2020-04-29 16:44:51,430] - logger.py] - INFO: test_student11:点击"模拟演练"
[2020-04-29 16:44:51,466] - logger.py] - INFO: test_student11:点击"执行"
[2020-04-29 16:44:52,291] - logger.py] - INFO: test_student11:
[2020-04-29 16:44:56,141] - logger.py] - INFO: test_student12:点击"网络演训"
[2020-04-29 16:44:56,680] - logger.py] - INFO: test_student12:点击"模拟演练"
[2020-04-29 16:44:56,733] - logger.py] - INFO: test_student12:点击"执行"
[2020-04-29 16:44:57,521] - logger.py] - INFO: test_student12:
