[2020-05-15 14:55:02,632] - logger.py] - INFO: test_student:点击"网络演训"
[2020-05-15 14:55:02,657] - logger.py] - INFO: test_student:点击"模拟演练"
[2020-05-15 14:55:02,700] - logger.py] - INFO: test_student:修改任务
[2020-05-15 14:55:03,398] - logger.py] - INFO: test_student:等一秒
[2020-05-15 14:55:04,399] - logger.py] - INFO: test_student:点击"场景配置"
[2020-05-15 14:55:04,438] - logger.py] - INFO: test_student:点击"接入配置"
[2020-05-15 14:55:04,989] - logger.py] - INFO: test_student:点击"详情配置"
[2020-05-15 14:55:05,582] - logger.py] - INFO: test_student:获取虚机名称前缀及按钮
[2020-05-15 14:56:35,193] - logger.py] - INFO: test_student:点击"网络演训"
[2020-05-15 14:56:35,216] - logger.py] - INFO: test_student:点击"模拟演练"
[2020-05-15 14:56:35,273] - logger.py] - INFO: test_student:修改任务
[2020-05-15 14:56:36,478] - logger.py] - INFO: test_student:等一秒
[2020-05-15 14:56:37,480] - logger.py] - INFO: test_student:点击"场景配置"
[2020-05-15 14:56:37,533] - logger.py] - INFO: test_student:点击"接入配置"
[2020-05-15 14:56:38,086] - logger.py] - INFO: test_student:点击"详情配置"
[2020-05-15 14:56:38,700] - logger.py] - INFO: test_student:获取虚机名称前缀及按钮
[2020-05-15 15:02:41,779] - logger.py] - INFO: test_student:返回分组列表
[2020-05-15 15:02:41,891] - logger.py] - INFO: test_student:保存
[2020-05-15 15:02:47,009] - logger.py] - ERROR: test_student:【保存】Traceback (most recent call last):
  File "E:\project\Start_in_batches\common\Script.py", line 71, in script_case
    self.driver = script_type[value['execution_type']](loca,value,self.username)#调用操作函数
  File "E:\project\Start_in_batches\common\script_value.py", line 35, in click_script
    self.click(locator)
  File "E:\project\Start_in_batches\common\base.py", line 44, in click
    self.find(locator).click()
  File "E:\project\Start_in_batches\common\base.py", line 20, in find
    element = WebDriverWait(self.driver, int(time_out), 0.5).until(lambda x: x.find_element(*locator))
  File "E:\python\lib\site-packages\selenium\webdriver\support\wait.py", line 80, in until
    raise TimeoutException(message, screen, stacktrace)
selenium.common.exceptions.TimeoutException: Message: 


[2020-05-15 15:02:47,009] - logger.py] - INFO: test_student:等待6000秒
[2020-05-15 15:53:32,160] - logger.py] - INFO: test_student:点击"网络演训"
[2020-05-15 15:53:32,182] - logger.py] - INFO: test_student:点击"模拟演练"
[2020-05-15 15:53:32,235] - logger.py] - INFO: test_student:修改任务
[2020-05-15 15:53:32,940] - logger.py] - INFO: test_student:等一秒
[2020-05-15 15:53:33,942] - logger.py] - INFO: test_student:点击"场景配置"
[2020-05-15 15:53:33,979] - logger.py] - INFO: test_student:点击"接入配置"
[2020-05-15 15:53:34,558] - logger.py] - INFO: test_student:点击"详情配置"
[2020-05-15 15:53:35,163] - logger.py] - INFO: test_student:获取虚机名称前缀及按钮
[2020-05-15 15:55:50,592] - logger.py] - INFO: test_student:返回分组列表
[2020-05-15 15:55:50,694] - logger.py] - INFO: test_student:保存
[2020-05-15 15:55:55,778] - logger.py] - ERROR: test_student:【保存】Traceback (most recent call last):
  File "E:\project\Start_in_batches\common\Script.py", line 71, in script_case
    self.driver = script_type[value['execution_type']](loca,value,self.username)#调用操作函数
  File "E:\project\Start_in_batches\common\script_value.py", line 35, in click_script
    self.click(locator)
  File "E:\project\Start_in_batches\common\base.py", line 44, in click
    self.find(locator).click()
  File "E:\project\Start_in_batches\common\base.py", line 20, in find
    element = WebDriverWait(self.driver, int(time_out), 0.5).until(lambda x: x.find_element(*locator))
  File "E:\python\lib\site-packages\selenium\webdriver\support\wait.py", line 80, in until
    raise TimeoutException(message, screen, stacktrace)
selenium.common.exceptions.TimeoutException: Message: 


[2020-05-15 15:55:55,778] - logger.py] - INFO: test_student:等待6000秒
[2020-05-15 16:46:54,048] - logger.py] - INFO: test_student:点击"网络演训"
[2020-05-15 16:46:54,072] - logger.py] - INFO: test_student:点击"模拟演练"
[2020-05-15 16:46:54,110] - logger.py] - INFO: test_student:修改任务
[2020-05-15 16:46:55,114] - logger.py] - INFO: test_student:等一秒
[2020-05-15 16:46:56,115] - logger.py] - INFO: test_student:点击"场景配置"
[2020-05-15 16:46:56,194] - logger.py] - INFO: test_student:点击"接入配置"
[2020-05-15 16:46:56,742] - logger.py] - INFO: test_student:点击"详情配置"
[2020-05-15 16:46:57,348] - logger.py] - INFO: test_student:获取虚机名称前缀及按钮
[2020-05-15 16:54:00,474] - logger.py] - INFO: test_student:返回分组列表
[2020-05-15 16:54:00,581] - logger.py] - INFO: test_student:保存
[2020-05-15 16:54:00,674] - logger.py] - INFO: test_student:等待6000秒
