[2020-05-29 10:00:29,057] - logger.py] - INFO: test_student51:点击"选修课程"菜单
[2020-05-29 10:00:29,101] - logger.py] - INFO: test_student51:点击"BurpSuite工具指南"
[2020-05-29 10:00:29,684] - logger.py] - INFO: test_student51:点击"学习"按钮
[2020-05-29 10:00:30,241] - logger.py] - INFO: test_student51:等待一秒
[2020-05-29 10:00:31,243] - logger.py] - INFO: test_student51:切换至新窗体
[2020-05-29 10:00:31,254] - logger.py] - INFO: test_student51:固定时间进行下一步
[2020-05-29 10:00:34,131] - logger.py] - INFO: test_student52:点击"选修课程"菜单
[2020-05-29 10:00:34,177] - logger.py] - INFO: test_student52:点击"BurpSuite工具指南"
[2020-05-29 10:00:34,749] - logger.py] - INFO: test_student52:点击"学习"按钮
[2020-05-29 10:00:35,300] - logger.py] - INFO: test_student52:等待一秒
[2020-05-29 10:00:36,302] - logger.py] - INFO: test_student52:切换至新窗体
[2020-05-29 10:00:36,314] - logger.py] - INFO: test_student52:固定时间进行下一步
[2020-05-29 10:00:39,215] - logger.py] - INFO: test_student53:点击"选修课程"菜单
[2020-05-29 10:00:39,270] - logger.py] - INFO: test_student53:点击"BurpSuite工具指南"
[2020-05-29 10:00:39,892] - logger.py] - INFO: test_student53:点击"学习"按钮
[2020-05-29 10:00:40,451] - logger.py] - INFO: test_student53:等待一秒
[2020-05-29 10:00:41,452] - logger.py] - INFO: test_student53:切换至新窗体
[2020-05-29 10:00:41,472] - logger.py] - INFO: test_student53:固定时间进行下一步
[2020-05-29 10:00:44,055] - logger.py] - INFO: test_student54:点击"选修课程"菜单
[2020-05-29 10:00:44,101] - logger.py] - INFO: test_student54:点击"BurpSuite工具指南"
[2020-05-29 10:00:44,685] - logger.py] - INFO: test_student54:点击"学习"按钮
[2020-05-29 10:00:45,258] - logger.py] - INFO: test_student54:等待一秒
[2020-05-29 10:00:46,259] - logger.py] - INFO: test_student54:切换至新窗体
[2020-05-29 10:00:46,268] - logger.py] - INFO: test_student54:固定时间进行下一步
[2020-05-29 10:00:48,982] - logger.py] - INFO: test_student55:点击"选修课程"菜单
[2020-05-29 10:00:49,029] - logger.py] - INFO: test_student55:点击"BurpSuite工具指南"
[2020-05-29 10:00:49,608] - logger.py] - INFO: test_student55:点击"学习"按钮
[2020-05-29 10:00:50,168] - logger.py] - INFO: test_student55:等待一秒
[2020-05-29 10:00:51,170] - logger.py] - INFO: test_student55:切换至新窗体
[2020-05-29 10:00:51,179] - logger.py] - INFO: test_student55:固定时间进行下一步
[2020-05-29 10:00:53,915] - logger.py] - INFO: test_student56:点击"选修课程"菜单
[2020-05-29 10:00:53,958] - logger.py] - INFO: test_student56:点击"BurpSuite工具指南"
[2020-05-29 10:00:54,529] - logger.py] - INFO: test_student56:点击"学习"按钮
[2020-05-29 10:00:55,082] - logger.py] - INFO: test_student56:等待一秒
[2020-05-29 10:00:56,084] - logger.py] - INFO: test_student56:切换至新窗体
[2020-05-29 10:00:56,095] - logger.py] - INFO: test_student56:固定时间进行下一步
[2020-05-29 10:00:58,967] - logger.py] - INFO: test_student57:点击"选修课程"菜单
[2020-05-29 10:00:59,012] - logger.py] - INFO: test_student57:点击"BurpSuite工具指南"
[2020-05-29 10:00:59,590] - logger.py] - INFO: test_student57:点击"学习"按钮
[2020-05-29 10:01:00,146] - logger.py] - INFO: test_student57:等待一秒
[2020-05-29 10:01:01,147] - logger.py] - INFO: test_student57:切换至新窗体
[2020-05-29 10:01:01,156] - logger.py] - INFO: test_student57:固定时间进行下一步
[2020-05-29 10:01:04,413] - logger.py] - INFO: test_student58:点击"选修课程"菜单
[2020-05-29 10:01:04,465] - logger.py] - INFO: test_student58:点击"BurpSuite工具指南"
[2020-05-29 10:01:05,037] - logger.py] - INFO: test_student58:点击"学习"按钮
[2020-05-29 10:01:05,623] - logger.py] - INFO: test_student58:等待一秒
[2020-05-29 10:01:06,623] - logger.py] - INFO: test_student58:切换至新窗体
[2020-05-29 10:01:06,634] - logger.py] - INFO: test_student58:固定时间进行下一步
[2020-05-29 10:01:10,463] - logger.py] - INFO: test_student59:点击"选修课程"菜单
[2020-05-29 10:01:10,534] - logger.py] - INFO: test_student59:点击"BurpSuite工具指南"
[2020-05-29 10:01:11,115] - logger.py] - INFO: test_student59:点击"学习"按钮
[2020-05-29 10:01:11,679] - logger.py] - INFO: test_student59:等待一秒
[2020-05-29 10:01:12,683] - logger.py] - INFO: test_student59:切换至新窗体
[2020-05-29 10:01:13,176] - logger.py] - INFO: test_student59:固定时间进行下一步
[2020-05-29 10:01:15,561] - logger.py] - INFO: test_student60:点击"选修课程"菜单
[2020-05-29 10:01:15,607] - logger.py] - INFO: test_student60:点击"BurpSuite工具指南"
[2020-05-29 10:01:16,190] - logger.py] - INFO: test_student60:点击"学习"按钮
[2020-05-29 10:01:16,738] - logger.py] - INFO: test_student60:等待一秒
[2020-05-29 10:01:17,739] - logger.py] - INFO: test_student60:切换至新窗体
[2020-05-29 10:01:17,769] - logger.py] - INFO: test_student60:固定时间进行下一步
[2020-05-29 10:01:19,964] - logger.py] - INFO: test_student61:点击"选修课程"菜单
[2020-05-29 10:01:20,023] - logger.py] - INFO: test_student61:点击"BurpSuite工具指南"
[2020-05-29 10:01:20,668] - logger.py] - INFO: test_student61:点击"学习"按钮
[2020-05-29 10:01:21,215] - logger.py] - INFO: test_student61:等待一秒
[2020-05-29 10:01:22,216] - logger.py] - INFO: test_student61:切换至新窗体
[2020-05-29 10:01:22,222] - logger.py] - INFO: test_student61:固定时间进行下一步
[2020-05-29 10:01:24,375] - logger.py] - INFO: test_student62:点击"选修课程"菜单
[2020-05-29 10:01:24,424] - logger.py] - INFO: test_student62:点击"BurpSuite工具指南"
[2020-05-29 10:01:25,000] - logger.py] - INFO: test_student62:点击"学习"按钮
[2020-05-29 10:01:25,575] - logger.py] - INFO: test_student62:等待一秒
[2020-05-29 10:01:26,580] - logger.py] - INFO: test_student62:切换至新窗体
[2020-05-29 10:01:26,590] - logger.py] - INFO: test_student62:固定时间进行下一步
[2020-05-29 10:01:30,529] - logger.py] - INFO: test_student63:点击"选修课程"菜单
[2020-05-29 10:01:30,589] - logger.py] - INFO: test_student63:点击"BurpSuite工具指南"
[2020-05-29 10:01:31,206] - logger.py] - INFO: test_student63:点击"学习"按钮
[2020-05-29 10:01:31,779] - logger.py] - INFO: test_student63:等待一秒
[2020-05-29 10:01:32,780] - logger.py] - INFO: test_student63:切换至新窗体
[2020-05-29 10:01:32,800] - logger.py] - INFO: test_student63:固定时间进行下一步
[2020-05-29 10:01:33,579] - logger.py] - INFO: test_student64:点击"选修课程"菜单
[2020-05-29 10:01:33,846] - logger.py] - INFO: test_student64:点击"BurpSuite工具指南"
[2020-05-29 10:01:34,481] - logger.py] - INFO: test_student64:点击"学习"按钮
[2020-05-29 10:01:35,035] - logger.py] - INFO: test_student64:等待一秒
[2020-05-29 10:01:36,036] - logger.py] - INFO: test_student64:切换至新窗体
[2020-05-29 10:01:36,044] - logger.py] - INFO: test_student64:固定时间进行下一步
[2020-05-29 10:01:40,931] - logger.py] - INFO: test_student65:点击"选修课程"菜单
[2020-05-29 10:01:40,978] - logger.py] - INFO: test_student65:点击"BurpSuite工具指南"
[2020-05-29 10:01:41,557] - logger.py] - INFO: test_student65:点击"学习"按钮
[2020-05-29 10:01:42,151] - logger.py] - INFO: test_student65:等待一秒
[2020-05-29 10:01:43,153] - logger.py] - INFO: test_student65:切换至新窗体
[2020-05-29 10:01:43,237] - logger.py] - INFO: test_student65:固定时间进行下一步
[2020-05-29 10:01:44,956] - logger.py] - INFO: test_student66:点击"选修课程"菜单
[2020-05-29 10:01:45,006] - logger.py] - INFO: test_student66:点击"BurpSuite工具指南"
[2020-05-29 10:01:45,580] - logger.py] - INFO: test_student66:点击"学习"按钮
[2020-05-29 10:01:46,131] - logger.py] - INFO: test_student66:等待一秒
[2020-05-29 10:01:47,133] - logger.py] - INFO: test_student66:切换至新窗体
[2020-05-29 10:01:47,144] - logger.py] - INFO: test_student66:固定时间进行下一步
[2020-05-29 10:01:49,990] - logger.py] - INFO: test_student67:点击"选修课程"菜单
[2020-05-29 10:01:50,041] - logger.py] - INFO: test_student67:点击"BurpSuite工具指南"
[2020-05-29 10:01:50,616] - logger.py] - INFO: test_student67:点击"学习"按钮
[2020-05-29 10:01:51,202] - logger.py] - INFO: test_student67:等待一秒
[2020-05-29 10:01:52,204] - logger.py] - INFO: test_student67:切换至新窗体
[2020-05-29 10:01:52,213] - logger.py] - INFO: test_student67:固定时间进行下一步
[2020-05-29 10:01:57,491] - logger.py] - INFO: test_student68:点击"选修课程"菜单
[2020-05-29 10:01:57,629] - logger.py] - INFO: test_student68:点击"BurpSuite工具指南"
[2020-05-29 10:01:57,945] - logger.py] - INFO: test_student68:点击"学习"按钮
[2020-05-29 10:01:58,764] - logger.py] - INFO: test_student68:等待一秒
[2020-05-29 10:01:59,765] - logger.py] - INFO: test_student68:切换至新窗体
[2020-05-29 10:01:59,814] - logger.py] - INFO: test_student68:固定时间进行下一步
[2020-05-29 10:02:02,017] - logger.py] - INFO: test_student69:点击"选修课程"菜单
[2020-05-29 10:02:02,198] - logger.py] - INFO: test_student69:点击"BurpSuite工具指南"
[2020-05-29 10:02:03,067] - logger.py] - INFO: test_student69:点击"学习"按钮
[2020-05-29 10:02:03,181] - logger.py] - INFO: test_student69:等待一秒
[2020-05-29 10:02:04,182] - logger.py] - INFO: test_student69:切换至新窗体
[2020-05-29 10:02:04,192] - logger.py] - INFO: test_student69:固定时间进行下一步
[2020-05-29 10:02:06,152] - logger.py] - INFO: test_student70:点击"选修课程"菜单
[2020-05-29 10:02:06,204] - logger.py] - INFO: test_student70:点击"BurpSuite工具指南"
[2020-05-29 10:02:06,790] - logger.py] - INFO: test_student70:点击"学习"按钮
[2020-05-29 10:02:07,694] - logger.py] - INFO: test_student70:等待一秒
[2020-05-29 10:02:08,695] - logger.py] - INFO: test_student70:切换至新窗体
[2020-05-29 10:02:08,755] - logger.py] - INFO: test_student70:固定时间进行下一步
[2020-05-29 10:02:12,186] - logger.py] - INFO: test_student71:点击"选修课程"菜单
[2020-05-29 10:02:12,258] - logger.py] - INFO: test_student71:点击"BurpSuite工具指南"
[2020-05-29 10:02:12,868] - logger.py] - INFO: test_student71:点击"学习"按钮
[2020-05-29 10:02:13,518] - logger.py] - INFO: test_student71:等待一秒
[2020-05-29 10:02:14,153] - logger.py] - INFO: test_student72:点击"选修课程"菜单
[2020-05-29 10:02:14,465] - logger.py] - INFO: test_student72:点击"BurpSuite工具指南"
[2020-05-29 10:02:14,518] - logger.py] - INFO: test_student71:切换至新窗体
[2020-05-29 10:02:14,527] - logger.py] - INFO: test_student71:固定时间进行下一步
[2020-05-29 10:02:15,035] - logger.py] - INFO: test_student72:点击"学习"按钮
[2020-05-29 10:02:15,588] - logger.py] - INFO: test_student72:等待一秒
[2020-05-29 10:02:16,589] - logger.py] - INFO: test_student72:切换至新窗体
[2020-05-29 10:02:16,606] - logger.py] - INFO: test_student72:固定时间进行下一步
[2020-05-29 10:02:21,793] - logger.py] - INFO: test_student73:点击"选修课程"菜单
[2020-05-29 10:02:21,890] - logger.py] - INFO: test_student73:点击"BurpSuite工具指南"
[2020-05-29 10:02:22,184] - logger.py] - INFO: test_student73:点击"学习"按钮
[2020-05-29 10:02:22,464] - logger.py] - INFO: test_student73:等待一秒
[2020-05-29 10:02:23,466] - logger.py] - INFO: test_student73:切换至新窗体
[2020-05-29 10:02:23,485] - logger.py] - INFO: test_student73:固定时间进行下一步
[2020-05-29 10:02:24,899] - logger.py] - INFO: test_student74:点击"选修课程"菜单
[2020-05-29 10:02:24,999] - logger.py] - INFO: test_student74:点击"BurpSuite工具指南"
[2020-05-29 10:02:25,587] - logger.py] - INFO: test_student74:点击"学习"按钮
[2020-05-29 10:02:26,143] - logger.py] - INFO: test_student74:等待一秒
[2020-05-29 10:02:27,144] - logger.py] - INFO: test_student74:切换至新窗体
[2020-05-29 10:02:27,154] - logger.py] - INFO: test_student74:固定时间进行下一步
[2020-05-29 10:02:31,947] - logger.py] - INFO: test_student75:点击"选修课程"菜单
[2020-05-29 10:02:31,990] - logger.py] - INFO: test_student75:点击"BurpSuite工具指南"
[2020-05-29 10:02:33,422] - logger.py] - INFO: test_student75:点击"学习"按钮
[2020-05-29 10:02:33,551] - logger.py] - INFO: test_student75:等待一秒
[2020-05-29 10:02:34,552] - logger.py] - INFO: test_student75:切换至新窗体
[2020-05-29 10:02:34,699] - logger.py] - INFO: test_student75:固定时间进行下一步
[2020-05-29 10:02:37,581] - logger.py] - INFO: test_student76:点击"选修课程"菜单
[2020-05-29 10:02:37,868] - logger.py] - INFO: test_student76:点击"BurpSuite工具指南"
[2020-05-29 10:02:38,594] - logger.py] - INFO: test_student76:点击"学习"按钮
[2020-05-29 10:02:39,243] - logger.py] - INFO: test_student76:等待一秒
[2020-05-29 10:02:40,244] - logger.py] - INFO: test_student76:切换至新窗体
[2020-05-29 10:02:40,282] - logger.py] - INFO: test_student76:固定时间进行下一步
[2020-05-29 10:02:42,581] - logger.py] - INFO: test_student77:点击"选修课程"菜单
[2020-05-29 10:02:42,680] - logger.py] - INFO: test_student77:点击"BurpSuite工具指南"
[2020-05-29 10:02:43,791] - logger.py] - INFO: test_student78:点击"选修课程"菜单
[2020-05-29 10:02:43,953] - logger.py] - INFO: test_student77:点击"学习"按钮
[2020-05-29 10:02:44,010] - logger.py] - INFO: test_student78:点击"BurpSuite工具指南"
[2020-05-29 10:02:44,233] - logger.py] - INFO: test_student77:等待一秒
[2020-05-29 10:02:44,956] - logger.py] - INFO: test_student78:点击"学习"按钮
[2020-05-29 10:02:45,033] - logger.py] - INFO: test_student78:等待一秒
[2020-05-29 10:02:45,236] - logger.py] - INFO: test_student77:切换至新窗体
[2020-05-29 10:02:45,245] - logger.py] - INFO: test_student77:固定时间进行下一步
[2020-05-29 10:02:46,039] - logger.py] - INFO: test_student78:切换至新窗体
[2020-05-29 10:02:46,158] - logger.py] - INFO: test_student78:固定时间进行下一步
[2020-05-29 10:02:50,186] - logger.py] - INFO: test_student79:点击"选修课程"菜单
[2020-05-29 10:02:50,233] - logger.py] - INFO: test_student79:点击"BurpSuite工具指南"
[2020-05-29 10:02:50,838] - logger.py] - INFO: test_student79:点击"学习"按钮
[2020-05-29 10:02:51,492] - logger.py] - INFO: test_student79:等待一秒
[2020-05-29 10:02:52,493] - logger.py] - INFO: test_student79:切换至新窗体
[2020-05-29 10:02:52,500] - logger.py] - INFO: test_student79:固定时间进行下一步
[2020-05-29 10:02:55,853] - logger.py] - INFO: test_student80:点击"选修课程"菜单
[2020-05-29 10:02:55,920] - logger.py] - INFO: test_student80:点击"BurpSuite工具指南"
[2020-05-29 10:02:56,786] - logger.py] - INFO: test_student80:点击"学习"按钮
[2020-05-29 10:02:57,347] - logger.py] - INFO: test_student80:等待一秒
[2020-05-29 10:02:58,350] - logger.py] - INFO: test_student80:切换至新窗体
[2020-05-29 10:02:58,371] - logger.py] - INFO: test_student80:固定时间进行下一步
[2020-05-29 10:06:00,078] - logger.py] - INFO: test_student76:点击开机按钮
[2020-05-29 10:06:00,078] - logger.py] - INFO: test_student76:点击开机按钮
[2020-05-29 10:06:00,078] - logger.py] - INFO: test_student76:点击开机按钮
[2020-05-29 10:06:00,097] - logger.py] - INFO: test_student77:点击开机按钮
[2020-05-29 10:06:00,097] - logger.py] - INFO: test_student77:点击开机按钮
[2020-05-29 10:06:00,097] - logger.py] - INFO: test_student77:点击开机按钮
[2020-05-29 10:06:00,097] - logger.py] - INFO: test_student60:点击开机按钮
[2020-05-29 10:06:00,097] - logger.py] - INFO: test_student60:点击开机按钮
[2020-05-29 10:06:00,090] - logger.py] - INFO: test_student78:点击开机按钮
[2020-05-29 10:06:00,096] - logger.py] - INFO: test_student70:点击开机按钮
[2020-05-29 10:06:00,097] - logger.py] - INFO: test_student77:点击开机按钮
[2020-05-29 10:06:00,097] - logger.py] - INFO: test_student60:点击开机按钮
[2020-05-29 10:06:00,090] - logger.py] - INFO: test_student78:点击开机按钮
[2020-05-29 10:06:00,121] - logger.py] - INFO: test_student58:点击开机按钮
[2020-05-29 10:06:00,090] - logger.py] - INFO: test_student78:点击开机按钮
[2020-05-29 10:06:00,096] - logger.py] - INFO: test_student70:点击开机按钮
[2020-05-29 10:06:00,121] - remote_connection.py] - DEBUG: POST http://127.0.0.1:50429/session/4fe7b4e46e032664e0d35dccc1eac571/element {"using": "xpath", "value": ".//*[@id='app']/div/div[1]/div[2]/div/div/span[3]", "sessionId": "4fe7b4e46e032664e0d35dccc1eac571"}
[2020-05-29 10:06:00,121] - remote_connection.py] - DEBUG: POST http://127.0.0.1:50429/session/4fe7b4e46e032664e0d35dccc1eac571/element {"using": "xpath", "value": ".//*[@id='app']/div/div[1]/div[2]/div/div/span[3]", "sessionId": "4fe7b4e46e032664e0d35dccc1eac571"}
[2020-05-29 10:06:00,124] - remote_connection.py] - DEBUG: POST http://127.0.0.1:49598/session/f29ff0e0f0bb8010179e99b9497d14ee/element {"using": "xpath", "value": ".//*[@id='app']/div/div[1]/div[2]/div/div/span[3]", "sessionId": "f29ff0e0f0bb8010179e99b9497d14ee"}
[2020-05-29 10:06:00,121] - logger.py] - INFO: test_student58:点击开机按钮
[2020-05-29 10:06:00,124] - remote_connection.py] - DEBUG: POST http://127.0.0.1:50477/session/3858c9f1ee805b66621626834efe7058/element {"using": "xpath", "value": ".//*[@id='app']/div/div[1]/div[2]/div/div/span[3]", "sessionId": "3858c9f1ee805b66621626834efe7058"}
[2020-05-29 10:06:00,140] - logger.py] - INFO: test_student65:点击开机按钮
[2020-05-29 10:06:00,141] - logger.py] - INFO: test_student71:点击开机按钮
[2020-05-29 10:06:00,142] - logger.py] - INFO: test_student56:点击开机按钮
[2020-05-29 10:06:00,142] - logger.py] - INFO: test_student56:点击开机按钮
[2020-05-29 10:06:00,143] - remote_connection.py] - DEBUG: POST http://127.0.0.1:50154/session/6ccbb35033730e9d6303e6f77ec0ca67/element {"using": "xpath", "value": ".//*[@id='app']/div/div[1]/div[2]/div/div/span[3]", "sessionId": "6ccbb35033730e9d6303e6f77ec0ca67"}
[2020-05-29 10:06:00,144] - logger.py] - INFO: test_student59:点击开机按钮
[2020-05-29 10:06:00,144] - logger.py] - INFO: test_student59:点击开机按钮
[2020-05-29 10:06:00,143] - logger.py] - INFO: test_student55:点击开机按钮
[2020-05-29 10:06:00,144] - logger.py] - INFO: test_student64:点击开机按钮
[2020-05-29 10:06:00,144] - logger.py] - INFO: test_student64:点击开机按钮
[2020-05-29 10:06:00,144] - logger.py] - INFO: test_student66:点击开机按钮
[2020-05-29 10:06:00,144] - logger.py] - INFO: test_student66:点击开机按钮
[2020-05-29 10:06:00,145] - remote_connection.py] - DEBUG: POST http://127.0.0.1:49841/session/96cf00179396cb12be5e25ae5d982ed4/element {"using": "xpath", "value": ".//*[@id='app']/div/div[1]/div[2]/div/div/span[3]", "sessionId": "96cf00179396cb12be5e25ae5d982ed4"}
[2020-05-29 10:06:00,145] - remote_connection.py] - DEBUG: POST http://127.0.0.1:49571/session/755bb42371ecc32adbf9e734edcce15b/element {"using": "xpath", "value": ".//*[@id='app']/div/div[1]/div[2]/div/div/span[3]", "sessionId": "755bb42371ecc32adbf9e734edcce15b"}
[2020-05-29 10:06:00,146] - remote_connection.py] - DEBUG: POST http://127.0.0.1:49480/session/8bb5724a67439d2100100526f0e53859/element {"using": "xpath", "value": ".//*[@id='app']/div/div[1]/div[2]/div/div/span[3]", "sessionId": "8bb5724a67439d2100100526f0e53859"}
[2020-05-29 10:06:00,143] - logger.py] - INFO: test_student55:点击开机按钮
[2020-05-29 10:06:00,146] - remote_connection.py] - DEBUG: POST http://127.0.0.1:49750/session/506ffce33b20addbff49510a25025eef/element {"using": "xpath", "value": ".//*[@id='app']/div/div[1]/div[2]/div/div/span[3]", "sessionId": "506ffce33b20addbff49510a25025eef"}
[2020-05-29 10:06:00,217] - logger.py] - INFO: test_student79:点击开机按钮
[2020-05-29 10:06:00,255] - logger.py] - INFO: test_student61:点击开机按钮
[2020-05-29 10:06:00,273] - logger.py] - INFO: test_student73:点击开机按钮
[2020-05-29 10:06:00,273] - logger.py] - INFO: test_student73:点击开机按钮
[2020-05-29 10:06:00,273] - logger.py] - INFO: test_student52:点击开机按钮
[2020-05-29 10:06:00,274] - logger.py] - INFO: test_student62:点击开机按钮
[2020-05-29 10:06:00,273] - logger.py] - INFO: test_student52:点击开机按钮
[2020-05-29 10:06:00,274] - logger.py] - INFO: test_student75:点击开机按钮
[2020-05-29 10:06:00,273] - logger.py] - INFO: test_student52:点击开机按钮
[2020-05-29 10:06:00,274] - logger.py] - INFO: test_student62:点击开机按钮
[2020-05-29 10:06:00,274] - logger.py] - INFO: test_student75:点击开机按钮
[2020-05-29 10:06:00,275] - remote_connection.py] - DEBUG: POST http://127.0.0.1:50379/session/44359b8dd55fdadbed0378cfaa3e6dd8/element {"using": "xpath", "value": ".//*[@id='app']/div/div[1]/div[2]/div/div/span[3]", "sessionId": "44359b8dd55fdadbed0378cfaa3e6dd8"}
[2020-05-29 10:06:00,275] - remote_connection.py] - DEBUG: POST http://127.0.0.1:50276/session/956751fec299045888bf2ad3323e7670/element {"using": "xpath", "value": ".//*[@id='app']/div/div[1]/div[2]/div/div/span[3]", "sessionId": "956751fec299045888bf2ad3323e7670"}
[2020-05-29 10:06:00,359] - logger.py] - INFO: test_student53:点击开机按钮
[2020-05-29 10:06:00,359] - logger.py] - INFO: test_student53:点击开机按钮
[2020-05-29 10:06:00,359] - logger.py] - INFO: test_student68:点击开机按钮
[2020-05-29 10:06:00,360] - logger.py] - INFO: test_student63:点击开机按钮
[2020-05-29 10:06:00,363] - remote_connection.py] - DEBUG: POST http://127.0.0.1:49969/session/c8588c8f203285892e12ef00953c1a9a/element {"using": "xpath", "value": ".//*[@id='app']/div/div[1]/div[2]/div/div/span[3]", "sessionId": "c8588c8f203285892e12ef00953c1a9a"}
[2020-05-29 10:06:00,505] - logger.py] - INFO: test_student51:点击开机按钮
[2020-05-29 10:06:00,508] - logger.py] - INFO: test_student72:点击开机按钮
[2020-05-29 10:06:00,508] - logger.py] - INFO: test_student54:点击开机按钮
[2020-05-29 10:06:00,644] - logger.py] - INFO: test_student74:点击开机按钮
[2020-05-29 10:06:00,644] - logger.py] - INFO: test_student80:点击开机按钮
[2020-05-29 10:06:00,646] - logger.py] - INFO: test_student67:点击开机按钮
[2020-05-29 10:06:00,646] - logger.py] - INFO: test_student69:点击开机按钮
[2020-05-29 10:06:00,646] - remote_connection.py] - DEBUG: POST http://127.0.0.1:49885/session/d0968e242ff9d0ece55a481c0c9ace15/element {"using": "xpath", "value": ".//*[@id='app']/div/div[1]/div[2]/div/div/span[3]", "sessionId": "d0968e242ff9d0ece55a481c0c9ace15"}
[2020-05-29 10:06:00,649] - logger.py] - INFO: test_student57:点击开机按钮
[2020-05-29 10:06:08,694] - logger.py] - INFO: test_student75:切换至iframe
[2020-05-29 10:06:10,003] - logger.py] - INFO: test_student66:切换至iframe
[2020-05-29 10:06:10,007] - logger.py] - INFO: test_student78:切换至iframe
[2020-05-29 10:06:10,008] - logger.py] - INFO: test_student76:切换至iframe
[2020-05-29 10:06:10,162] - logger.py] - INFO: test_student70:切换至iframe
[2020-05-29 10:06:10,629] - logger.py] - INFO: test_student68:切换至iframe
[2020-05-29 10:06:10,636] - logger.py] - INFO: test_student79:切换至iframe
[2020-05-29 10:06:10,637] - logger.py] - INFO: test_student77:切换至iframe
[2020-05-29 10:06:10,649] - logger.py] - INFO: test_student61:切换至iframe
[2020-05-29 10:06:10,662] - logger.py] - INFO: test_student80:切换至iframe
[2020-05-29 10:06:10,701] - logger.py] - INFO: test_student62:切换至iframe
[2020-05-29 10:06:10,712] - logger.py] - INFO: test_student63:切换至iframe
[2020-05-29 10:06:10,716] - logger.py] - INFO: test_student72:切换至iframe
[2020-05-29 10:06:10,725] - logger.py] - INFO: test_student64:切换至iframe
[2020-05-29 10:06:10,866] - logger.py] - INFO: test_student65:切换至iframe
[2020-05-29 10:06:11,509] - logger.py] - INFO: test_student54:切换至iframe
[2020-05-29 10:06:12,120] - logger.py] - INFO: test_student74:切换至iframe
[2020-05-29 10:06:12,165] - logger.py] - INFO: test_student57:切换至iframe
[2020-05-29 10:06:12,266] - logger.py] - INFO: test_student69:切换至iframe
[2020-05-29 10:06:12,290] - logger.py] - INFO: test_student67:切换至iframe
[2020-05-29 10:06:14,153] - logger.py] - ERROR: test_student75:【切换至iframe】Traceback (most recent call last):
  File "E:\project\Start_in_batches\common\Script.py", line 73, in script_case
    self.driver = script_type[value['execution_type']](loca,value,self.username)#调用操作函数
  File "E:\project\Start_in_batches\common\script_value.py", line 171, in to_iframe_xpath_script
    element = self.find(locator)
  File "E:\project\Start_in_batches\common\base.py", line 20, in find
    element = WebDriverWait(self.driver, int(time_out), 0.5).until(lambda x: x.find_element(*locator))
  File "E:\python\lib\site-packages\selenium\webdriver\support\wait.py", line 80, in until
    raise TimeoutException(message, screen, stacktrace)
selenium.common.exceptions.TimeoutException: Message: 


[2020-05-29 10:06:14,155] - logger.py] - INFO: test_student75:查看开机状态并截图
[2020-05-29 10:06:15,045] - logger.py] - INFO: test_student71:切换至iframe
[2020-05-29 10:06:15,192] - logger.py] - INFO: test_student55:切换至iframe
[2020-05-29 10:06:15,254] - logger.py] - INFO: test_student73:切换至iframe
[2020-05-29 10:06:15,289] - logger.py] - INFO: test_student56:切换至iframe
[2020-05-29 10:06:15,349] - logger.py] - INFO: test_student60:切换至iframe
[2020-05-29 10:06:15,380] - logger.py] - INFO: test_student51:切换至iframe
[2020-05-29 10:06:15,388] - logger.py] - INFO: test_student58:切换至iframe
[2020-05-29 10:06:15,391] - logger.py] - INFO: test_student52:切换至iframe
[2020-05-29 10:06:15,392] - logger.py] - INFO: test_student59:切换至iframe
[2020-05-29 10:06:15,429] - logger.py] - INFO: test_student53:切换至iframe
[2020-05-29 10:06:15,559] - logger.py] - ERROR: test_student70:【切换至iframe】Traceback (most recent call last):
  File "E:\project\Start_in_batches\common\Script.py", line 73, in script_case
    self.driver = script_type[value['execution_type']](loca,value,self.username)#调用操作函数
  File "E:\project\Start_in_batches\common\script_value.py", line 171, in to_iframe_xpath_script
    element = self.find(locator)
  File "E:\project\Start_in_batches\common\base.py", line 20, in find
    element = WebDriverWait(self.driver, int(time_out), 0.5).until(lambda x: x.find_element(*locator))
  File "E:\python\lib\site-packages\selenium\webdriver\support\wait.py", line 80, in until
    raise TimeoutException(message, screen, stacktrace)
selenium.common.exceptions.TimeoutException: Message: 


[2020-05-29 10:06:15,560] - logger.py] - ERROR: test_student76:【切换至iframe】Traceback (most recent call last):
  File "E:\project\Start_in_batches\common\Script.py", line 73, in script_case
    self.driver = script_type[value['execution_type']](loca,value,self.username)#调用操作函数
  File "E:\project\Start_in_batches\common\script_value.py", line 171, in to_iframe_xpath_script
    element = self.find(locator)
  File "E:\project\Start_in_batches\common\base.py", line 20, in find
    element = WebDriverWait(self.driver, int(time_out), 0.5).until(lambda x: x.find_element(*locator))
  File "E:\python\lib\site-packages\selenium\webdriver\support\wait.py", line 80, in until
    raise TimeoutException(message, screen, stacktrace)
selenium.common.exceptions.TimeoutException: Message: 


[2020-05-29 10:06:15,560] - logger.py] - INFO: test_student70:查看开机状态并截图
[2020-05-29 10:06:15,561] - logger.py] - INFO: test_student76:查看开机状态并截图
[2020-05-29 10:06:15,603] - logger.py] - ERROR: test_student66:【切换至iframe】Traceback (most recent call last):
  File "E:\project\Start_in_batches\common\Script.py", line 73, in script_case
    self.driver = script_type[value['execution_type']](loca,value,self.username)#调用操作函数
  File "E:\project\Start_in_batches\common\script_value.py", line 171, in to_iframe_xpath_script
    element = self.find(locator)
  File "E:\project\Start_in_batches\common\base.py", line 20, in find
    element = WebDriverWait(self.driver, int(time_out), 0.5).until(lambda x: x.find_element(*locator))
  File "E:\python\lib\site-packages\selenium\webdriver\support\wait.py", line 80, in until
    raise TimeoutException(message, screen, stacktrace)
selenium.common.exceptions.TimeoutException: Message: 


[2020-05-29 10:06:15,610] - connectionpool.py] - DEBUG: http://127.0.0.1:50610 "POST /session/10c67d664f1a1741c2227355fa74cd62/element HTTP/1.1" 200 368
[2020-05-29 10:06:15,617] - logger.py] - INFO: test_student66:查看开机状态并截图
[2020-05-29 10:06:15,852] - logger.py] - ERROR: test_student62:【切换至iframe】Traceback (most recent call last):
  File "E:\project\Start_in_batches\common\Script.py", line 73, in script_case
    self.driver = script_type[value['execution_type']](loca,value,self.username)#调用操作函数
  File "E:\project\Start_in_batches\common\script_value.py", line 171, in to_iframe_xpath_script
    element = self.find(locator)
  File "E:\project\Start_in_batches\common\base.py", line 20, in find
    element = WebDriverWait(self.driver, int(time_out), 0.5).until(lambda x: x.find_element(*locator))
  File "E:\python\lib\site-packages\selenium\webdriver\support\wait.py", line 80, in until
    raise TimeoutException(message, screen, stacktrace)
selenium.common.exceptions.TimeoutException: Message: 


[2020-05-29 10:06:15,852] - logger.py] - ERROR: test_student62:【切换至iframe】Traceback (most recent call last):
  File "E:\project\Start_in_batches\common\Script.py", line 73, in script_case
    self.driver = script_type[value['execution_type']](loca,value,self.username)#调用操作函数
  File "E:\project\Start_in_batches\common\script_value.py", line 171, in to_iframe_xpath_script
    element = self.find(locator)
  File "E:\project\Start_in_batches\common\base.py", line 20, in find
    element = WebDriverWait(self.driver, int(time_out), 0.5).until(lambda x: x.find_element(*locator))
  File "E:\python\lib\site-packages\selenium\webdriver\support\wait.py", line 80, in until
    raise TimeoutException(message, screen, stacktrace)
selenium.common.exceptions.TimeoutException: Message: 


[2020-05-29 10:06:15,853] - logger.py] - ERROR: test_student78:【切换至iframe】Traceback (most recent call last):
  File "E:\project\Start_in_batches\common\Script.py", line 73, in script_case
    self.driver = script_type[value['execution_type']](loca,value,self.username)#调用操作函数
  File "E:\project\Start_in_batches\common\script_value.py", line 171, in to_iframe_xpath_script
    element = self.find(locator)
  File "E:\project\Start_in_batches\common\base.py", line 20, in find
    element = WebDriverWait(self.driver, int(time_out), 0.5).until(lambda x: x.find_element(*locator))
  File "E:\python\lib\site-packages\selenium\webdriver\support\wait.py", line 80, in until
    raise TimeoutException(message, screen, stacktrace)
selenium.common.exceptions.TimeoutException: Message: 


[2020-05-29 10:06:15,853] - logger.py] - ERROR: test_student64:【切换至iframe】Traceback (most recent call last):
  File "E:\project\Start_in_batches\common\Script.py", line 73, in script_case
    self.driver = script_type[value['execution_type']](loca,value,self.username)#调用操作函数
  File "E:\project\Start_in_batches\common\script_value.py", line 171, in to_iframe_xpath_script
    element = self.find(locator)
  File "E:\project\Start_in_batches\common\base.py", line 20, in find
    element = WebDriverWait(self.driver, int(time_out), 0.5).until(lambda x: x.find_element(*locator))
  File "E:\python\lib\site-packages\selenium\webdriver\support\wait.py", line 80, in until
    raise TimeoutException(message, screen, stacktrace)
selenium.common.exceptions.TimeoutException: Message: 


[2020-05-29 10:06:15,853] - logger.py] - INFO: test_student78:查看开机状态并截图
[2020-05-29 10:06:15,853] - logger.py] - INFO: test_student78:查看开机状态并截图
[2020-05-29 10:06:15,853] - logger.py] - INFO: test_student64:查看开机状态并截图
[2020-05-29 10:06:15,853] - logger.py] - INFO: test_student78:查看开机状态并截图
[2020-05-29 10:06:15,853] - logger.py] - INFO: test_student64:查看开机状态并截图
[2020-05-29 10:06:15,854] - logger.py] - INFO: test_student62:查看开机状态并截图
[2020-05-29 10:06:15,949] - logger.py] - ERROR: test_student77:【切换至iframe】Traceback (most recent call last):
  File "E:\project\Start_in_batches\common\Script.py", line 73, in script_case
    self.driver = script_type[value['execution_type']](loca,value,self.username)#调用操作函数
  File "E:\project\Start_in_batches\common\script_value.py", line 171, in to_iframe_xpath_script
    element = self.find(locator)
  File "E:\project\Start_in_batches\common\base.py", line 20, in find
    element = WebDriverWait(self.driver, int(time_out), 0.5).until(lambda x: x.find_element(*locator))
  File "E:\python\lib\site-packages\selenium\webdriver\support\wait.py", line 80, in until
    raise TimeoutException(message, screen, stacktrace)
selenium.common.exceptions.TimeoutException: Message: 


[2020-05-29 10:06:15,949] - logger.py] - INFO: test_student77:查看开机状态并截图
[2020-05-29 10:06:15,953] - logger.py] - ERROR: test_student72:【切换至iframe】Traceback (most recent call last):
  File "E:\project\Start_in_batches\common\Script.py", line 73, in script_case
    self.driver = script_type[value['execution_type']](loca,value,self.username)#调用操作函数
  File "E:\project\Start_in_batches\common\script_value.py", line 171, in to_iframe_xpath_script
    element = self.find(locator)
  File "E:\project\Start_in_batches\common\base.py", line 20, in find
    element = WebDriverWait(self.driver, int(time_out), 0.5).until(lambda x: x.find_element(*locator))
  File "E:\python\lib\site-packages\selenium\webdriver\support\wait.py", line 80, in until
    raise TimeoutException(message, screen, stacktrace)
selenium.common.exceptions.TimeoutException: Message: 


[2020-05-29 10:06:15,953] - logger.py] - INFO: test_student72:查看开机状态并截图
[2020-05-29 10:06:15,966] - logger.py] - ERROR: test_student63:【切换至iframe】Traceback (most recent call last):
  File "E:\project\Start_in_batches\common\Script.py", line 73, in script_case
    self.driver = script_type[value['execution_type']](loca,value,self.username)#调用操作函数
  File "E:\project\Start_in_batches\common\script_value.py", line 171, in to_iframe_xpath_script
    element = self.find(locator)
  File "E:\project\Start_in_batches\common\base.py", line 20, in find
    element = WebDriverWait(self.driver, int(time_out), 0.5).until(lambda x: x.find_element(*locator))
  File "E:\python\lib\site-packages\selenium\webdriver\support\wait.py", line 80, in until
    raise TimeoutException(message, screen, stacktrace)
selenium.common.exceptions.TimeoutException: Message: 


[2020-05-29 10:06:15,966] - logger.py] - INFO: test_student63:查看开机状态并截图
[2020-05-29 10:06:15,991] - logger.py] - ERROR: test_student61:【切换至iframe】Traceback (most recent call last):
  File "E:\project\Start_in_batches\common\Script.py", line 73, in script_case
    self.driver = script_type[value['execution_type']](loca,value,self.username)#调用操作函数
  File "E:\project\Start_in_batches\common\script_value.py", line 171, in to_iframe_xpath_script
    element = self.find(locator)
  File "E:\project\Start_in_batches\common\base.py", line 20, in find
    element = WebDriverWait(self.driver, int(time_out), 0.5).until(lambda x: x.find_element(*locator))
  File "E:\python\lib\site-packages\selenium\webdriver\support\wait.py", line 80, in until
    raise TimeoutException(message, screen, stacktrace)
selenium.common.exceptions.TimeoutException: Message: 


[2020-05-29 10:06:16,013] - connectionpool.py] - DEBUG: http://127.0.0.1:49715 "POST /session/126ec3bbe12512fcad12a4e86d3d0f78/element HTTP/1.1" 200 348
[2020-05-29 10:06:16,014] - remote_connection.py] - DEBUG: POST http://127.0.0.1:49366/session/76462cc7e890b0ba2dde8d3bef27de58/element {"using": "xpath", "value": "html/body/div/div/div[2]/div[2]/iframe", "sessionId": "76462cc7e890b0ba2dde8d3bef27de58"}
[2020-05-29 10:06:16,014] - connectionpool.py] - DEBUG: http://127.0.0.1:50221 "POST /session/6c2f90b788f00c457b5064c25582da2f/element HTTP/1.1" 200 348
[2020-05-29 10:06:16,014] - remote_connection.py] - DEBUG: POST http://127.0.0.1:49342/session/55f3dccb0201b16e0f293e0a077044b6/element {"using": "xpath", "value": "html/body/div/div/div[2]/div[2]/iframe", "sessionId": "55f3dccb0201b16e0f293e0a077044b6"}
[2020-05-29 10:06:16,138] - logger.py] - ERROR: test_student80:【切换至iframe】Traceback (most recent call last):
  File "E:\project\Start_in_batches\common\Script.py", line 73, in script_case
    self.driver = script_type[value['execution_type']](loca,value,self.username)#调用操作函数
  File "E:\project\Start_in_batches\common\script_value.py", line 171, in to_iframe_xpath_script
    element = self.find(locator)
  File "E:\project\Start_in_batches\common\base.py", line 20, in find
    element = WebDriverWait(self.driver, int(time_out), 0.5).until(lambda x: x.find_element(*locator))
  File "E:\python\lib\site-packages\selenium\webdriver\support\wait.py", line 80, in until
    raise TimeoutException(message, screen, stacktrace)
selenium.common.exceptions.TimeoutException: Message: 


[2020-05-29 10:06:16,015] - connectionpool.py] - DEBUG: http://127.0.0.1:50276 "POST /session/956751fec299045888bf2ad3323e7670/element HTTP/1.1" 200 368
[2020-05-29 10:06:16,139] - logger.py] - ERROR: test_student79:【切换至iframe】Traceback (most recent call last):
  File "E:\project\Start_in_batches\common\Script.py", line 73, in script_case
    self.driver = script_type[value['execution_type']](loca,value,self.username)#调用操作函数
  File "E:\project\Start_in_batches\common\script_value.py", line 171, in to_iframe_xpath_script
    element = self.find(locator)
  File "E:\project\Start_in_batches\common\base.py", line 20, in find
    element = WebDriverWait(self.driver, int(time_out), 0.5).until(lambda x: x.find_element(*locator))
  File "E:\python\lib\site-packages\selenium\webdriver\support\wait.py", line 80, in until
    raise TimeoutException(message, screen, stacktrace)
selenium.common.exceptions.TimeoutException: Message: 


[2020-05-29 10:06:16,015] - remote_connection.py] - DEBUG: POST http://127.0.0.1:49394/session/6c73e78ede9bdb53faadca0ac27ec023/element {"using": "xpath", "value": "html/body/div/div/div[2]/div[2]/iframe", "sessionId": "6c73e78ede9bdb53faadca0ac27ec023"}
[2020-05-29 10:06:16,140] - logger.py] - INFO: test_student79:查看开机状态并截图
[2020-05-29 10:06:16,140] - logger.py] - INFO: test_student80:查看开机状态并截图
[2020-05-29 10:06:16,148] - logger.py] - INFO: test_student61:查看开机状态并截图
[2020-05-29 10:06:16,345] - logger.py] - ERROR: test_student65:【切换至iframe】Traceback (most recent call last):
  File "E:\project\Start_in_batches\common\Script.py", line 73, in script_case
    self.driver = script_type[value['execution_type']](loca,value,self.username)#调用操作函数
  File "E:\project\Start_in_batches\common\script_value.py", line 171, in to_iframe_xpath_script
    element = self.find(locator)
  File "E:\project\Start_in_batches\common\base.py", line 20, in find
    element = WebDriverWait(self.driver, int(time_out), 0.5).until(lambda x: x.find_element(*locator))
  File "E:\python\lib\site-packages\selenium\webdriver\support\wait.py", line 80, in until
    raise TimeoutException(message, screen, stacktrace)
selenium.common.exceptions.TimeoutException: Message: 


[2020-05-29 10:06:16,345] - logger.py] - INFO: test_student65:查看开机状态并截图
[2020-05-29 10:06:17,063] - logger.py] - ERROR: test_student54:【切换至iframe】Traceback (most recent call last):
  File "E:\project\Start_in_batches\common\Script.py", line 73, in script_case
    self.driver = script_type[value['execution_type']](loca,value,self.username)#调用操作函数
  File "E:\project\Start_in_batches\common\script_value.py", line 171, in to_iframe_xpath_script
    element = self.find(locator)
  File "E:\project\Start_in_batches\common\base.py", line 20, in find
    element = WebDriverWait(self.driver, int(time_out), 0.5).until(lambda x: x.find_element(*locator))
  File "E:\python\lib\site-packages\selenium\webdriver\support\wait.py", line 80, in until
    raise TimeoutException(message, screen, stacktrace)
selenium.common.exceptions.TimeoutException: Message: 


[2020-05-29 10:06:17,063] - logger.py] - INFO: test_student54:查看开机状态并截图
[2020-05-29 10:06:17,245] - logger.py] - ERROR: test_student74:【切换至iframe】Traceback (most recent call last):
  File "E:\project\Start_in_batches\common\Script.py", line 73, in script_case
    self.driver = script_type[value['execution_type']](loca,value,self.username)#调用操作函数
  File "E:\project\Start_in_batches\common\script_value.py", line 171, in to_iframe_xpath_script
    element = self.find(locator)
  File "E:\project\Start_in_batches\common\base.py", line 20, in find
    element = WebDriverWait(self.driver, int(time_out), 0.5).until(lambda x: x.find_element(*locator))
  File "E:\python\lib\site-packages\selenium\webdriver\support\wait.py", line 80, in until
    raise TimeoutException(message, screen, stacktrace)
selenium.common.exceptions.TimeoutException: Message: 


[2020-05-29 10:06:17,246] - logger.py] - INFO: test_student74:查看开机状态并截图
[2020-05-29 10:06:17,356] - logger.py] - ERROR: test_student69:【切换至iframe】Traceback (most recent call last):
  File "E:\project\Start_in_batches\common\Script.py", line 73, in script_case
    self.driver = script_type[value['execution_type']](loca,value,self.username)#调用操作函数
  File "E:\project\Start_in_batches\common\script_value.py", line 171, in to_iframe_xpath_script
    element = self.find(locator)
  File "E:\project\Start_in_batches\common\base.py", line 20, in find
    element = WebDriverWait(self.driver, int(time_out), 0.5).until(lambda x: x.find_element(*locator))
  File "E:\python\lib\site-packages\selenium\webdriver\support\wait.py", line 80, in until
    raise TimeoutException(message, screen, stacktrace)
selenium.common.exceptions.TimeoutException: Message: 


[2020-05-29 10:06:17,357] - logger.py] - INFO: test_student69:查看开机状态并截图
[2020-05-29 10:06:17,373] - logger.py] - ERROR: test_student57:【切换至iframe】Traceback (most recent call last):
  File "E:\project\Start_in_batches\common\Script.py", line 73, in script_case
    self.driver = script_type[value['execution_type']](loca,value,self.username)#调用操作函数
  File "E:\project\Start_in_batches\common\script_value.py", line 171, in to_iframe_xpath_script
    element = self.find(locator)
  File "E:\project\Start_in_batches\common\base.py", line 20, in find
    element = WebDriverWait(self.driver, int(time_out), 0.5).until(lambda x: x.find_element(*locator))
  File "E:\python\lib\site-packages\selenium\webdriver\support\wait.py", line 80, in until
    raise TimeoutException(message, screen, stacktrace)
selenium.common.exceptions.TimeoutException: Message: 


[2020-05-29 10:06:17,374] - logger.py] - INFO: test_student57:查看开机状态并截图
[2020-05-29 10:06:17,408] - logger.py] - ERROR: test_student67:【切换至iframe】Traceback (most recent call last):
  File "E:\project\Start_in_batches\common\Script.py", line 73, in script_case
    self.driver = script_type[value['execution_type']](loca,value,self.username)#调用操作函数
  File "E:\project\Start_in_batches\common\script_value.py", line 171, in to_iframe_xpath_script
    element = self.find(locator)
  File "E:\project\Start_in_batches\common\base.py", line 20, in find
    element = WebDriverWait(self.driver, int(time_out), 0.5).until(lambda x: x.find_element(*locator))
  File "E:\python\lib\site-packages\selenium\webdriver\support\wait.py", line 80, in until
    raise TimeoutException(message, screen, stacktrace)
selenium.common.exceptions.TimeoutException: Message: 


[2020-05-29 10:06:17,409] - logger.py] - INFO: test_student67:查看开机状态并截图
[2020-05-29 10:06:20,387] - logger.py] - ERROR: test_student55:【切换至iframe】Traceback (most recent call last):
  File "E:\project\Start_in_batches\common\Script.py", line 73, in script_case
    self.driver = script_type[value['execution_type']](loca,value,self.username)#调用操作函数
  File "E:\project\Start_in_batches\common\script_value.py", line 171, in to_iframe_xpath_script
    element = self.find(locator)
  File "E:\project\Start_in_batches\common\base.py", line 20, in find
    element = WebDriverWait(self.driver, int(time_out), 0.5).until(lambda x: x.find_element(*locator))
  File "E:\python\lib\site-packages\selenium\webdriver\support\wait.py", line 80, in until
    raise TimeoutException(message, screen, stacktrace)
selenium.common.exceptions.TimeoutException: Message: 


[2020-05-29 10:06:20,387] - logger.py] - INFO: test_student55:查看开机状态并截图
[2020-05-29 10:06:20,413] - logger.py] - ERROR: test_student60:【切换至iframe】Traceback (most recent call last):
  File "E:\project\Start_in_batches\common\Script.py", line 73, in script_case
    self.driver = script_type[value['execution_type']](loca,value,self.username)#调用操作函数
  File "E:\project\Start_in_batches\common\script_value.py", line 171, in to_iframe_xpath_script
    element = self.find(locator)
  File "E:\project\Start_in_batches\common\base.py", line 20, in find
    element = WebDriverWait(self.driver, int(time_out), 0.5).until(lambda x: x.find_element(*locator))
  File "E:\python\lib\site-packages\selenium\webdriver\support\wait.py", line 80, in until
    raise TimeoutException(message, screen, stacktrace)
selenium.common.exceptions.TimeoutException: Message: 


[2020-05-29 10:06:20,414] - logger.py] - INFO: test_student60:查看开机状态并截图
[2020-05-29 10:06:20,491] - logger.py] - ERROR: test_student71:【切换至iframe】Traceback (most recent call last):
  File "E:\project\Start_in_batches\common\Script.py", line 73, in script_case
    self.driver = script_type[value['execution_type']](loca,value,self.username)#调用操作函数
  File "E:\project\Start_in_batches\common\script_value.py", line 171, in to_iframe_xpath_script
    element = self.find(locator)
  File "E:\project\Start_in_batches\common\base.py", line 20, in find
    element = WebDriverWait(self.driver, int(time_out), 0.5).until(lambda x: x.find_element(*locator))
  File "E:\python\lib\site-packages\selenium\webdriver\support\wait.py", line 80, in until
    raise TimeoutException(message, screen, stacktrace)
selenium.common.exceptions.TimeoutException: Message: 


[2020-05-29 10:06:20,491] - logger.py] - INFO: test_student71:查看开机状态并截图
[2020-05-29 10:06:20,699] - logger.py] - ERROR: test_student51:【切换至iframe】Traceback (most recent call last):
  File "E:\project\Start_in_batches\common\Script.py", line 73, in script_case
    self.driver = script_type[value['execution_type']](loca,value,self.username)#调用操作函数
  File "E:\project\Start_in_batches\common\script_value.py", line 171, in to_iframe_xpath_script
    element = self.find(locator)
  File "E:\project\Start_in_batches\common\base.py", line 20, in find
    element = WebDriverWait(self.driver, int(time_out), 0.5).until(lambda x: x.find_element(*locator))
  File "E:\python\lib\site-packages\selenium\webdriver\support\wait.py", line 80, in until
    raise TimeoutException(message, screen, stacktrace)
selenium.common.exceptions.TimeoutException: Message: 


[2020-05-29 10:06:20,699] - logger.py] - INFO: test_student51:查看开机状态并截图
[2020-05-29 10:06:20,700] - remote_connection.py] - DEBUG: POST http://127.0.0.1:49885/session/d0968e242ff9d0ece55a481c0c9ace15/element {"using": "xpath", "value": ".//*[@id='status']", "sessionId": "d0968e242ff9d0ece55a481c0c9ace15"}
[2020-05-29 10:06:20,702] - logger.py] - ERROR: test_student52:【切换至iframe】Traceback (most recent call last):
  File "E:\project\Start_in_batches\common\Script.py", line 73, in script_case
    self.driver = script_type[value['execution_type']](loca,value,self.username)#调用操作函数
  File "E:\project\Start_in_batches\common\script_value.py", line 171, in to_iframe_xpath_script
    element = self.find(locator)
  File "E:\project\Start_in_batches\common\base.py", line 20, in find
    element = WebDriverWait(self.driver, int(time_out), 0.5).until(lambda x: x.find_element(*locator))
  File "E:\python\lib\site-packages\selenium\webdriver\support\wait.py", line 80, in until
    raise TimeoutException(message, screen, stacktrace)
selenium.common.exceptions.TimeoutException: Message: 


[2020-05-29 10:06:20,702] - logger.py] - INFO: test_student52:查看开机状态并截图
[2020-05-29 10:06:20,734] - logger.py] - ERROR: test_student58:【切换至iframe】Traceback (most recent call last):
  File "E:\project\Start_in_batches\common\Script.py", line 73, in script_case
    self.driver = script_type[value['execution_type']](loca,value,self.username)#调用操作函数
  File "E:\project\Start_in_batches\common\script_value.py", line 171, in to_iframe_xpath_script
    element = self.find(locator)
  File "E:\project\Start_in_batches\common\base.py", line 20, in find
    element = WebDriverWait(self.driver, int(time_out), 0.5).until(lambda x: x.find_element(*locator))
  File "E:\python\lib\site-packages\selenium\webdriver\support\wait.py", line 80, in until
    raise TimeoutException(message, screen, stacktrace)
selenium.common.exceptions.TimeoutException: Message: 


[2020-05-29 10:06:20,734] - logger.py] - ERROR: test_student56:【切换至iframe】Traceback (most recent call last):
  File "E:\project\Start_in_batches\common\Script.py", line 73, in script_case
    self.driver = script_type[value['execution_type']](loca,value,self.username)#调用操作函数
  File "E:\project\Start_in_batches\common\script_value.py", line 171, in to_iframe_xpath_script
    element = self.find(locator)
  File "E:\project\Start_in_batches\common\base.py", line 20, in find
    element = WebDriverWait(self.driver, int(time_out), 0.5).until(lambda x: x.find_element(*locator))
  File "E:\python\lib\site-packages\selenium\webdriver\support\wait.py", line 80, in until
    raise TimeoutException(message, screen, stacktrace)
selenium.common.exceptions.TimeoutException: Message: 


[2020-05-29 10:06:20,734] - logger.py] - ERROR: test_student56:【切换至iframe】Traceback (most recent call last):
  File "E:\project\Start_in_batches\common\Script.py", line 73, in script_case
    self.driver = script_type[value['execution_type']](loca,value,self.username)#调用操作函数
  File "E:\project\Start_in_batches\common\script_value.py", line 171, in to_iframe_xpath_script
    element = self.find(locator)
  File "E:\project\Start_in_batches\common\base.py", line 20, in find
    element = WebDriverWait(self.driver, int(time_out), 0.5).until(lambda x: x.find_element(*locator))
  File "E:\python\lib\site-packages\selenium\webdriver\support\wait.py", line 80, in until
    raise TimeoutException(message, screen, stacktrace)
selenium.common.exceptions.TimeoutException: Message: 


[2020-05-29 10:06:20,734] - logger.py] - ERROR: test_student73:【切换至iframe】Traceback (most recent call last):
  File "E:\project\Start_in_batches\common\Script.py", line 73, in script_case
    self.driver = script_type[value['execution_type']](loca,value,self.username)#调用操作函数
  File "E:\project\Start_in_batches\common\script_value.py", line 171, in to_iframe_xpath_script
    element = self.find(locator)
  File "E:\project\Start_in_batches\common\base.py", line 20, in find
    element = WebDriverWait(self.driver, int(time_out), 0.5).until(lambda x: x.find_element(*locator))
  File "E:\python\lib\site-packages\selenium\webdriver\support\wait.py", line 80, in until
    raise TimeoutException(message, screen, stacktrace)
selenium.common.exceptions.TimeoutException: Message: 


[2020-05-29 10:06:20,734] - logger.py] - ERROR: test_student56:【切换至iframe】Traceback (most recent call last):
  File "E:\project\Start_in_batches\common\Script.py", line 73, in script_case
    self.driver = script_type[value['execution_type']](loca,value,self.username)#调用操作函数
  File "E:\project\Start_in_batches\common\script_value.py", line 171, in to_iframe_xpath_script
    element = self.find(locator)
  File "E:\project\Start_in_batches\common\base.py", line 20, in find
    element = WebDriverWait(self.driver, int(time_out), 0.5).until(lambda x: x.find_element(*locator))
  File "E:\python\lib\site-packages\selenium\webdriver\support\wait.py", line 80, in until
    raise TimeoutException(message, screen, stacktrace)
selenium.common.exceptions.TimeoutException: Message: 


[2020-05-29 10:06:20,734] - logger.py] - ERROR: test_student73:【切换至iframe】Traceback (most recent call last):
  File "E:\project\Start_in_batches\common\Script.py", line 73, in script_case
    self.driver = script_type[value['execution_type']](loca,value,self.username)#调用操作函数
  File "E:\project\Start_in_batches\common\script_value.py", line 171, in to_iframe_xpath_script
    element = self.find(locator)
  File "E:\project\Start_in_batches\common\base.py", line 20, in find
    element = WebDriverWait(self.driver, int(time_out), 0.5).until(lambda x: x.find_element(*locator))
  File "E:\python\lib\site-packages\selenium\webdriver\support\wait.py", line 80, in until
    raise TimeoutException(message, screen, stacktrace)
selenium.common.exceptions.TimeoutException: Message: 


[2020-05-29 10:06:20,734] - logger.py] - INFO: test_student58:查看开机状态并截图
[2020-05-29 10:06:20,735] - logger.py] - INFO: test_student73:查看开机状态并截图
[2020-05-29 10:06:20,736] - logger.py] - INFO: test_student56:查看开机状态并截图
[2020-05-29 10:06:20,772] - logger.py] - ERROR: test_student53:【切换至iframe】Traceback (most recent call last):
  File "E:\project\Start_in_batches\common\Script.py", line 73, in script_case
    self.driver = script_type[value['execution_type']](loca,value,self.username)#调用操作函数
  File "E:\project\Start_in_batches\common\script_value.py", line 171, in to_iframe_xpath_script
    element = self.find(locator)
  File "E:\project\Start_in_batches\common\base.py", line 20, in find
    element = WebDriverWait(self.driver, int(time_out), 0.5).until(lambda x: x.find_element(*locator))
  File "E:\python\lib\site-packages\selenium\webdriver\support\wait.py", line 80, in until
    raise TimeoutException(message, screen, stacktrace)
selenium.common.exceptions.TimeoutException: Message: 


[2020-05-29 10:06:20,772] - logger.py] - INFO: test_student53:查看开机状态并截图
[2020-05-29 10:06:20,778] - logger.py] - ERROR: test_student59:【切换至iframe】Traceback (most recent call last):
  File "E:\project\Start_in_batches\common\Script.py", line 73, in script_case
    self.driver = script_type[value['execution_type']](loca,value,self.username)#调用操作函数
  File "E:\project\Start_in_batches\common\script_value.py", line 171, in to_iframe_xpath_script
    element = self.find(locator)
  File "E:\project\Start_in_batches\common\base.py", line 20, in find
    element = WebDriverWait(self.driver, int(time_out), 0.5).until(lambda x: x.find_element(*locator))
  File "E:\python\lib\site-packages\selenium\webdriver\support\wait.py", line 80, in until
    raise TimeoutException(message, screen, stacktrace)
selenium.common.exceptions.TimeoutException: Message: 


[2020-05-29 10:06:20,779] - logger.py] - INFO: test_student59:查看开机状态并截图
[2020-05-29 10:06:24,070] - logger.py] - INFO: test_student68:查看开机状态并截图
[2020-05-29 10:07:45,026] - logger.py] - ERROR: test_student76:【查看开机状态并截图】Traceback (most recent call last):
  File "E:\project\Start_in_batches\common\script_value.py", line 220, in get_text_and_status_script
    text_result = self.find(locator)
  File "E:\project\Start_in_batches\common\base.py", line 20, in find
    element = WebDriverWait(self.driver, int(time_out), 0.5).until(lambda x: x.find_element(*locator))
  File "E:\python\lib\site-packages\selenium\webdriver\support\wait.py", line 80, in until
    raise TimeoutException(message, screen, stacktrace)
selenium.common.exceptions.TimeoutException: Message: 


[2020-05-29 10:07:52,624] - logger.py] - ERROR: test_student80:【查看开机状态并截图】Traceback (most recent call last):
  File "E:\project\Start_in_batches\common\script_value.py", line 220, in get_text_and_status_script
    text_result = self.find(locator)
  File "E:\project\Start_in_batches\common\base.py", line 20, in find
    element = WebDriverWait(self.driver, int(time_out), 0.5).until(lambda x: x.find_element(*locator))
  File "E:\python\lib\site-packages\selenium\webdriver\support\wait.py", line 80, in until
    raise TimeoutException(message, screen, stacktrace)
selenium.common.exceptions.TimeoutException: Message: 


[2020-05-29 10:08:08,220] - logger.py] - ERROR: test_student66:【查看开机状态并截图】Traceback (most recent call last):
  File "E:\project\Start_in_batches\common\script_value.py", line 220, in get_text_and_status_script
    text_result = self.find(locator)
  File "E:\project\Start_in_batches\common\base.py", line 20, in find
    element = WebDriverWait(self.driver, int(time_out), 0.5).until(lambda x: x.find_element(*locator))
  File "E:\python\lib\site-packages\selenium\webdriver\support\wait.py", line 80, in until
    raise TimeoutException(message, screen, stacktrace)
selenium.common.exceptions.TimeoutException: Message: 


[2020-05-29 10:08:10,584] - logger.py] - ERROR: test_student51:【查看开机状态并截图】Traceback (most recent call last):
  File "E:\project\Start_in_batches\common\script_value.py", line 220, in get_text_and_status_script
    text_result = self.find(locator)
  File "E:\project\Start_in_batches\common\base.py", line 20, in find
    element = WebDriverWait(self.driver, int(time_out), 0.5).until(lambda x: x.find_element(*locator))
  File "E:\python\lib\site-packages\selenium\webdriver\support\wait.py", line 80, in until
    raise TimeoutException(message, screen, stacktrace)
selenium.common.exceptions.TimeoutException: Message: 


[2020-05-29 10:08:12,100] - logger.py] - ERROR: test_student54:【查看开机状态并截图】Traceback (most recent call last):
  File "E:\project\Start_in_batches\common\script_value.py", line 220, in get_text_and_status_script
    text_result = self.find(locator)
  File "E:\project\Start_in_batches\common\base.py", line 20, in find
    element = WebDriverWait(self.driver, int(time_out), 0.5).until(lambda x: x.find_element(*locator))
  File "E:\python\lib\site-packages\selenium\webdriver\support\wait.py", line 80, in until
    raise TimeoutException(message, screen, stacktrace)
selenium.common.exceptions.TimeoutException: Message: 


[2020-05-29 10:08:15,824] - logger.py] - ERROR: test_student77:【查看开机状态并截图】Traceback (most recent call last):
  File "E:\project\Start_in_batches\common\script_value.py", line 220, in get_text_and_status_script
    text_result = self.find(locator)
  File "E:\project\Start_in_batches\common\base.py", line 20, in find
    element = WebDriverWait(self.driver, int(time_out), 0.5).until(lambda x: x.find_element(*locator))
  File "E:\python\lib\site-packages\selenium\webdriver\support\wait.py", line 80, in until
    raise TimeoutException(message, screen, stacktrace)
selenium.common.exceptions.TimeoutException: Message: 


[2020-05-29 10:08:17,844] - logger.py] - ERROR: test_student75:【查看开机状态并截图】Traceback (most recent call last):
  File "E:\project\Start_in_batches\common\script_value.py", line 220, in get_text_and_status_script
    text_result = self.find(locator)
  File "E:\project\Start_in_batches\common\base.py", line 20, in find
    element = WebDriverWait(self.driver, int(time_out), 0.5).until(lambda x: x.find_element(*locator))
  File "E:\python\lib\site-packages\selenium\webdriver\support\wait.py", line 80, in until
    raise TimeoutException(message, screen, stacktrace)
selenium.common.exceptions.TimeoutException: Message: 


[2020-05-29 10:08:19,720] - logger.py] - ERROR: test_student58:【查看开机状态并截图】Traceback (most recent call last):
  File "E:\project\Start_in_batches\common\script_value.py", line 220, in get_text_and_status_script
    text_result = self.find(locator)
  File "E:\project\Start_in_batches\common\base.py", line 20, in find
    element = WebDriverWait(self.driver, int(time_out), 0.5).until(lambda x: x.find_element(*locator))
  File "E:\python\lib\site-packages\selenium\webdriver\support\wait.py", line 80, in until
    raise TimeoutException(message, screen, stacktrace)
selenium.common.exceptions.TimeoutException: Message: 


[2020-05-29 10:08:20,216] - logger.py] - ERROR: test_student64:【查看开机状态并截图】Traceback (most recent call last):
  File "E:\project\Start_in_batches\common\script_value.py", line 220, in get_text_and_status_script
    text_result = self.find(locator)
  File "E:\project\Start_in_batches\common\base.py", line 20, in find
    element = WebDriverWait(self.driver, int(time_out), 0.5).until(lambda x: x.find_element(*locator))
  File "E:\python\lib\site-packages\selenium\webdriver\support\wait.py", line 80, in until
    raise TimeoutException(message, screen, stacktrace)
selenium.common.exceptions.TimeoutException: Message: 


[2020-05-29 10:08:20,825] - logger.py] - ERROR: test_student69:【查看开机状态并截图】Traceback (most recent call last):
  File "E:\project\Start_in_batches\common\script_value.py", line 220, in get_text_and_status_script
    text_result = self.find(locator)
  File "E:\project\Start_in_batches\common\base.py", line 20, in find
    element = WebDriverWait(self.driver, int(time_out), 0.5).until(lambda x: x.find_element(*locator))
  File "E:\python\lib\site-packages\selenium\webdriver\support\wait.py", line 80, in until
    raise TimeoutException(message, screen, stacktrace)
selenium.common.exceptions.TimeoutException: Message: 


[2020-05-29 10:08:21,951] - logger.py] - ERROR: test_student63:【查看开机状态并截图】Traceback (most recent call last):
  File "E:\project\Start_in_batches\common\script_value.py", line 220, in get_text_and_status_script
    text_result = self.find(locator)
  File "E:\project\Start_in_batches\common\base.py", line 20, in find
    element = WebDriverWait(self.driver, int(time_out), 0.5).until(lambda x: x.find_element(*locator))
  File "E:\python\lib\site-packages\selenium\webdriver\support\wait.py", line 80, in until
    raise TimeoutException(message, screen, stacktrace)
selenium.common.exceptions.TimeoutException: Message: 


[2020-05-29 10:08:21,990] - logger.py] - ERROR: test_student60:【查看开机状态并截图】Traceback (most recent call last):
  File "E:\project\Start_in_batches\common\script_value.py", line 220, in get_text_and_status_script
    text_result = self.find(locator)
  File "E:\project\Start_in_batches\common\base.py", line 20, in find
    element = WebDriverWait(self.driver, int(time_out), 0.5).until(lambda x: x.find_element(*locator))
  File "E:\python\lib\site-packages\selenium\webdriver\support\wait.py", line 80, in until
    raise TimeoutException(message, screen, stacktrace)
selenium.common.exceptions.TimeoutException: Message: 


[2020-05-29 10:08:22,212] - logger.py] - ERROR: test_student53:【查看开机状态并截图】Traceback (most recent call last):
  File "E:\project\Start_in_batches\common\script_value.py", line 220, in get_text_and_status_script
    text_result = self.find(locator)
  File "E:\project\Start_in_batches\common\base.py", line 20, in find
    element = WebDriverWait(self.driver, int(time_out), 0.5).until(lambda x: x.find_element(*locator))
  File "E:\python\lib\site-packages\selenium\webdriver\support\wait.py", line 80, in until
    raise TimeoutException(message, screen, stacktrace)
selenium.common.exceptions.TimeoutException: Message: 


[2020-05-29 10:08:22,542] - logger.py] - ERROR: test_student67:【查看开机状态并截图】Traceback (most recent call last):
  File "E:\project\Start_in_batches\common\script_value.py", line 220, in get_text_and_status_script
    text_result = self.find(locator)
  File "E:\project\Start_in_batches\common\base.py", line 20, in find
    element = WebDriverWait(self.driver, int(time_out), 0.5).until(lambda x: x.find_element(*locator))
  File "E:\python\lib\site-packages\selenium\webdriver\support\wait.py", line 80, in until
    raise TimeoutException(message, screen, stacktrace)
selenium.common.exceptions.TimeoutException: Message: 


[2020-05-29 10:08:23,958] - logger.py] - ERROR: test_student62:【查看开机状态并截图】Traceback (most recent call last):
  File "E:\project\Start_in_batches\common\script_value.py", line 220, in get_text_and_status_script
    text_result = self.find(locator)
  File "E:\project\Start_in_batches\common\base.py", line 20, in find
    element = WebDriverWait(self.driver, int(time_out), 0.5).until(lambda x: x.find_element(*locator))
  File "E:\python\lib\site-packages\selenium\webdriver\support\wait.py", line 80, in until
    raise TimeoutException(message, screen, stacktrace)
selenium.common.exceptions.TimeoutException: Message: 


[2020-05-29 10:08:24,880] - logger.py] - ERROR: test_student57:【查看开机状态并截图】Traceback (most recent call last):
  File "E:\project\Start_in_batches\common\script_value.py", line 220, in get_text_and_status_script
    text_result = self.find(locator)
  File "E:\project\Start_in_batches\common\base.py", line 20, in find
    element = WebDriverWait(self.driver, int(time_out), 0.5).until(lambda x: x.find_element(*locator))
  File "E:\python\lib\site-packages\selenium\webdriver\support\wait.py", line 80, in until
    raise TimeoutException(message, screen, stacktrace)
selenium.common.exceptions.TimeoutException: Message: 


[2020-05-29 10:08:25,239] - logger.py] - ERROR: test_student55:【查看开机状态并截图】Traceback (most recent call last):
  File "E:\project\Start_in_batches\common\script_value.py", line 220, in get_text_and_status_script
    text_result = self.find(locator)
  File "E:\project\Start_in_batches\common\base.py", line 20, in find
    element = WebDriverWait(self.driver, int(time_out), 0.5).until(lambda x: x.find_element(*locator))
  File "E:\python\lib\site-packages\selenium\webdriver\support\wait.py", line 80, in until
    raise TimeoutException(message, screen, stacktrace)
selenium.common.exceptions.TimeoutException: Message: 


[2020-05-29 10:08:26,182] - logger.py] - ERROR: test_student61:【查看开机状态并截图】Traceback (most recent call last):
  File "E:\project\Start_in_batches\common\script_value.py", line 220, in get_text_and_status_script
    text_result = self.find(locator)
  File "E:\project\Start_in_batches\common\base.py", line 20, in find
    element = WebDriverWait(self.driver, int(time_out), 0.5).until(lambda x: x.find_element(*locator))
  File "E:\python\lib\site-packages\selenium\webdriver\support\wait.py", line 80, in until
    raise TimeoutException(message, screen, stacktrace)
selenium.common.exceptions.TimeoutException: Message: 


[2020-05-29 10:08:27,339] - logger.py] - ERROR: test_student59:【查看开机状态并截图】Traceback (most recent call last):
  File "E:\project\Start_in_batches\common\script_value.py", line 220, in get_text_and_status_script
    text_result = self.find(locator)
  File "E:\project\Start_in_batches\common\base.py", line 20, in find
    element = WebDriverWait(self.driver, int(time_out), 0.5).until(lambda x: x.find_element(*locator))
  File "E:\python\lib\site-packages\selenium\webdriver\support\wait.py", line 80, in until
    raise TimeoutException(message, screen, stacktrace)
selenium.common.exceptions.TimeoutException: Message: 


[2020-05-29 10:08:40,714] - logger.py] - ERROR: test_student65:【查看开机状态并截图】Traceback (most recent call last):
  File "E:\project\Start_in_batches\common\script_value.py", line 220, in get_text_and_status_script
    text_result = self.find(locator)
  File "E:\project\Start_in_batches\common\base.py", line 20, in find
    element = WebDriverWait(self.driver, int(time_out), 0.5).until(lambda x: x.find_element(*locator))
  File "E:\python\lib\site-packages\selenium\webdriver\support\wait.py", line 80, in until
    raise TimeoutException(message, screen, stacktrace)
selenium.common.exceptions.TimeoutException: Message: 


[2020-05-29 10:08:42,846] - logger.py] - ERROR: test_student74:【查看开机状态并截图】Traceback (most recent call last):
  File "E:\project\Start_in_batches\common\script_value.py", line 220, in get_text_and_status_script
    text_result = self.find(locator)
  File "E:\project\Start_in_batches\common\base.py", line 20, in find
    element = WebDriverWait(self.driver, int(time_out), 0.5).until(lambda x: x.find_element(*locator))
  File "E:\python\lib\site-packages\selenium\webdriver\support\wait.py", line 80, in until
    raise TimeoutException(message, screen, stacktrace)
selenium.common.exceptions.TimeoutException: Message: 


[2020-05-29 10:08:59,690] - logger.py] - ERROR: test_student79:【查看开机状态并截图】Traceback (most recent call last):
  File "E:\project\Start_in_batches\common\script_value.py", line 220, in get_text_and_status_script
    text_result = self.find(locator)
  File "E:\project\Start_in_batches\common\base.py", line 20, in find
    element = WebDriverWait(self.driver, int(time_out), 0.5).until(lambda x: x.find_element(*locator))
  File "E:\python\lib\site-packages\selenium\webdriver\support\wait.py", line 80, in until
    raise TimeoutException(message, screen, stacktrace)
selenium.common.exceptions.TimeoutException: Message: 


[2020-05-29 10:08:59,934] - logger.py] - ERROR: test_student71:【查看开机状态并截图】Traceback (most recent call last):
  File "E:\project\Start_in_batches\common\script_value.py", line 220, in get_text_and_status_script
    text_result = self.find(locator)
  File "E:\project\Start_in_batches\common\base.py", line 20, in find
    element = WebDriverWait(self.driver, int(time_out), 0.5).until(lambda x: x.find_element(*locator))
  File "E:\python\lib\site-packages\selenium\webdriver\support\wait.py", line 80, in until
    raise TimeoutException(message, screen, stacktrace)
selenium.common.exceptions.TimeoutException: Message: 


